Log file open, 08/28/18 15:26:58
LogWindows: Failed to load 'aqProf.dll' (GetLastError=126)
LogWindows: File 'aqProf.dll' does not exist
LogWindows: Failed to load 'VtuneApi.dll' (GetLastError=126)
LogWindows: File 'VtuneApi.dll' does not exist
LogWindows: Failed to load 'VtuneApi32e.dll' (GetLastError=126)
LogWindows: File 'VtuneApi32e.dll' does not exist
LogInit: Display: Running engine for game: ShmupBase
LogPlatformFile: Not using cached read wrapper
LogInit: Display: RandInit(-618149156) SRandInit(-618149156).
LogInit: Read version file with build ID '3944462'
LogInit: Overriding engine version to CL 4033788, compatible CL 3944462
LogInit: Registered custom module enumerator with build ID '3944462'
LogTaskGraph: Started task graph with 5 named threads and 23 total threads with 3 sets of task threads.
LogStats: Stats thread started at 0.270628
LogD3D11RHI: Aftermath initialized
LogICUInternationalization: Display: ICU TimeZone Detection - Raw Offset: -8:00, Platform Override: ''
LogModuleManager: Display: Found up-to-date module file ../../../Engine/Plugins/2D/Paper2D/Binaries/Win64/UE4Editor-Paper2D.dll (API version 3944462).
LogModuleManager: Display: Found up-to-date module file ../../../Engine/Plugins/2D/Paper2D/Binaries/Win64/UE4Editor-Paper2DEditor.dll (API version 3944462).
LogModuleManager: Display: Found up-to-date module file ../../../Engine/Plugins/2D/Paper2D/Binaries/Win64/UE4Editor-PaperSpriteSheetImporter.dll (API version 3944462).
LogModuleManager: Display: Found up-to-date module file ../../../Engine/Plugins/2D/Paper2D/Binaries/Win64/UE4Editor-PaperTiledImporter.dll (API version 3944462).
LogModuleManager: Display: Found up-to-date module file ../../../Engine/Plugins/2D/Paper2D/Binaries/Win64/UE4Editor-SmartSnapping.dll (API version 3944462).
LogModuleManager: Display: Found up-to-date module file ../../../Engine/Plugins/Blendables/LightPropagationVolume/Binaries/Win64/UE4Editor-LightPropagationVolumeRuntime.dll (API version 3944462).
LogModuleManager: Display: Found up-to-date module file ../../../Engine/Plugins/Blendables/LightPropagationVolume/Binaries/Win64/UE4Editor-LightPropagationVolumeEditor.dll (API version 3944462).
LogModuleManager: Display: Found up-to-date module file ../../../Engine/Plugins/Developer/CLionSourceCodeAccess/Binaries/Win64/UE4Editor-CLionSourceCodeAccess.dll (API version 3944462).
LogModuleManager: Display: Found up-to-date module file ../../../Engine/Plugins/Developer/GitSourceControl/Binaries/Win64/UE4Editor-GitSourceControl.dll (API version 3944462).
LogModuleManager: Display: Found up-to-date module file ../../../Engine/Plugins/Developer/PerforceSourceControl/Binaries/Win64/UE4Editor-PerforceSourceControl.dll (API version 3944462).
LogModuleManager: Display: Found up-to-date module file ../../../Engine/Plugins/Developer/SubversionSourceControl/Binaries/Win64/UE4Editor-SubversionSourceControl.dll (API version 3944462).
LogModuleManager: Display: Found up-to-date module file ../../../Engine/Plugins/Developer/UObjectPlugin/Binaries/Win64/UE4Editor-UObjectPlugin.dll (API version 3944462).
LogModuleManager: Display: Found up-to-date module file ../../../Engine/Plugins/Developer/VisualStudioCodeSourceCodeAccess/Binaries/Win64/UE4Editor-VisualStudioCodeSourceCodeAccess.dll (API version 3944462).
LogModuleManager: Display: Found up-to-date module file ../../../Engine/Plugins/Developer/VisualStudioSourceCodeAccess/Binaries/Win64/UE4Editor-VisualStudioSourceCodeAccess.dll (API version 3944462).
LogModuleManager: Display: Found up-to-date module file ../../../Engine/Plugins/Editor/AssetManagerEditor/Binaries/Win64/UE4Editor-AssetManagerEditor.dll (API version 3944462).
LogModuleManager: Display: Found up-to-date module file ../../../Engine/Plugins/Editor/CryptoKeys/Binaries/Win64/UE4Editor-CryptoKeys.dll (API version 3944462).
LogModuleManager: Display: Found up-to-date module file ../../../Engine/Plugins/Editor/CryptoKeys/Binaries/Win64/UE4Editor-CryptoKeysOpenSSL.dll (API version 3944462).
LogModuleManager: Display: Found up-to-date module file ../../../Engine/Plugins/Editor/DataValidation/Binaries/Win64/UE4Editor-DataValidation.dll (API version 3944462).
LogModuleManager: Display: Found up-to-date module file ../../../Engine/Plugins/Editor/FacialAnimation/Binaries/Win64/UE4Editor-FacialAnimation.dll (API version 3944462).
LogModuleManager: Display: Found up-to-date module file ../../../Engine/Plugins/Editor/FacialAnimation/Binaries/Win64/UE4Editor-FacialAnimationEditor.dll (API version 3944462).
LogModuleManager: Display: Found up-to-date module file ../../../Engine/Plugins/Editor/GameplayTagsEditor/Binaries/Win64/UE4Editor-GameplayTagsEditor.dll (API version 3944462).
LogModuleManager: Display: Found up-to-date module file ../../../Engine/Plugins/Editor/MobileLauncherProfileWizard/Binaries/Win64/UE4Editor-MobileLauncherProfileWizard.dll (API version 3944462).
LogModuleManager: Display: Found up-to-date module file ../../../Engine/Plugins/Editor/PluginBrowser/Binaries/Win64/UE4Editor-PluginBrowser.dll (API version 3944462).
LogModuleManager: Display: Found up-to-date module file ../../../Engine/Plugins/Editor/SpeedTreeImporter/Binaries/Win64/UE4Editor-SpeedTreeImporter.dll (API version 3944462).
LogModuleManager: Display: Found up-to-date module file ../../../Engine/Plugins/Enterprise/DatasmithContent/Binaries/Win64/UE4Editor-DatasmithContent.dll (API version 3944462).
LogModuleManager: Display: Found up-to-date module file ../../../Engine/Plugins/Experimental/AlembicImporter/Binaries/Win64/UE4Editor-AlembicImporter.dll (API version 3944462).
LogModuleManager: Display: Found up-to-date module file ../../../Engine/Plugins/Experimental/AlembicImporter/Binaries/Win64/UE4Editor-AlembicLibrary.dll (API version 3944462).
LogModuleManager: Display: Found up-to-date module file ../../../Engine/Plugins/Experimental/CharacterAI/Binaries/Win64/UE4Editor-CharacterAI.dll (API version 3944462).
LogModuleManager: Display: Found up-to-date module file ../../../Engine/Plugins/Experimental/HTML5Networking/Binaries/Win64/UE4Editor-HTML5Networking.dll (API version 3944462).
LogModuleManager: Display: Found up-to-date module file ../../../Engine/Plugins/Media/AndroidMedia/Binaries/Win64/UE4Editor-AndroidMediaEditor.dll (API version 3944462).
LogModuleManager: Display: Found up-to-date module file ../../../Engine/Plugins/Media/AndroidMedia/Binaries/Win64/UE4Editor-AndroidMediaFactory.dll (API version 3944462).
LogModuleManager: Display: Found up-to-date module file ../../../Engine/Plugins/Media/AvfMedia/Binaries/Win64/UE4Editor-AvfMediaEditor.dll (API version 3944462).
LogModuleManager: Display: Found up-to-date module file ../../../Engine/Plugins/Media/AvfMedia/Binaries/Win64/UE4Editor-AvfMediaFactory.dll (API version 3944462).
LogModuleManager: Display: Found up-to-date module file ../../../Engine/Plugins/Media/AvfMedia/Binaries/Win64/UE4Editor-AvfMediaFactory.dll (API version 3944462).
LogModuleManager: Display: Found up-to-date module file ../../../Engine/Plugins/Media/ImgMedia/Binaries/Win64/UE4Editor-ImgMedia.dll (API version 3944462).
LogModuleManager: Display: Found up-to-date module file ../../../Engine/Plugins/Media/ImgMedia/Binaries/Win64/UE4Editor-ImgMediaEditor.dll (API version 3944462).
LogModuleManager: Display: Found up-to-date module file ../../../Engine/Plugins/Media/ImgMedia/Binaries/Win64/UE4Editor-ImgMediaFactory.dll (API version 3944462).
LogModuleManager: Display: Found up-to-date module file ../../../Engine/Plugins/Media/ImgMedia/Binaries/Win64/UE4Editor-ImgMediaFactory.dll (API version 3944462).
LogModuleManager: Display: Found up-to-date module file ../../../Engine/Plugins/Media/ImgMedia/Binaries/Win64/UE4Editor-OpenExrWrapper.dll (API version 3944462).
LogModuleManager: Display: Found up-to-date module file ../../../Engine/Plugins/Media/LinearTimecode/Binaries/Win64/UE4Editor-LinearTimecode.dll (API version 3944462).
LogModuleManager: Display: Found up-to-date module file ../../../Engine/Plugins/Media/MediaCompositing/Binaries/Win64/UE4Editor-MediaCompositing.dll (API version 3944462).
LogModuleManager: Display: Found up-to-date module file ../../../Engine/Plugins/Media/MediaCompositing/Binaries/Win64/UE4Editor-MediaCompositingEditor.dll (API version 3944462).
LogModuleManager: Display: Found up-to-date module file ../../../Engine/Plugins/Media/MediaPlayerEditor/Binaries/Win64/UE4Editor-MediaPlayerEditor.dll (API version 3944462).
LogModuleManager: Display: Found up-to-date module file ../../../Engine/Plugins/Media/WmfMedia/Binaries/Win64/UE4Editor-WmfMedia.dll (API version 3944462).
LogModuleManager: Display: Found up-to-date module file ../../../Engine/Plugins/Media/WmfMedia/Binaries/Win64/UE4Editor-WmfMediaEditor.dll (API version 3944462).
LogModuleManager: Display: Found up-to-date module file ../../../Engine/Plugins/Media/WmfMedia/Binaries/Win64/UE4Editor-WmfMediaFactory.dll (API version 3944462).
LogModuleManager: Display: Found up-to-date module file ../../../Engine/Plugins/Media/WmfMedia/Binaries/Win64/UE4Editor-WmfMediaFactory.dll (API version 3944462).
LogModuleManager: Display: Found up-to-date module file ../../../Engine/Plugins/Messaging/TcpMessaging/Binaries/Win64/UE4Editor-TcpMessaging.dll (API version 3944462).
LogModuleManager: Display: Found up-to-date module file ../../../Engine/Plugins/Messaging/UdpMessaging/Binaries/Win64/UE4Editor-UdpMessaging.dll (API version 3944462).
LogModuleManager: Display: Found up-to-date module file ../../../Engine/Plugins/MovieScene/ActorSequence/Binaries/Win64/UE4Editor-ActorSequence.dll (API version 3944462).
LogModuleManager: Display: Found up-to-date module file ../../../Engine/Plugins/MovieScene/LevelSequenceEditor/Binaries/Win64/UE4Editor-LevelSequenceEditor.dll (API version 3944462).
LogModuleManager: Display: Found up-to-date module file ../../../Engine/Plugins/MovieScene/MatineeToLevelSequence/Binaries/Win64/UE4Editor-MatineeToLevelSequence.dll (API version 3944462).
LogModuleManager: Display: Found up-to-date module file ../../../Engine/Plugins/NetcodeUnitTest/NetcodeUnitTest/Binaries/Win64/UE4Editor-NetcodeUnitTest.dll (API version 3944462).
LogModuleManager: Display: Found up-to-date module file ../../../Engine/Plugins/NetcodeUnitTest/NUTUnrealEngine4/Binaries/Win64/UE4Editor-NUTUnrealEngine4.dll (API version 3944462).
LogModuleManager: Display: Found up-to-date module file ../../../Engine/Plugins/Online/OnlineSubsystem/Binaries/Win64/UE4Editor-OnlineSubsystem.dll (API version 3944462).
LogModuleManager: Display: Found up-to-date module file ../../../Engine/Plugins/Runtime/AndroidPermission/Binaries/Win64/UE4Editor-AndroidPermission.dll (API version 3944462).
LogModuleManager: Display: Found up-to-date module file ../../../Engine/Plugins/Online/OnlineSubsystemNull/Binaries/Win64/UE4Editor-OnlineSubsystemNull.dll (API version 3944462).
LogModuleManager: Display: Found up-to-date module file ../../../Engine/Plugins/Online/OnlineSubsystemUtils/Binaries/Win64/UE4Editor-OnlineSubsystemUtils.dll (API version 3944462).
LogModuleManager: Display: Found up-to-date module file ../../../Engine/Plugins/Online/OnlineSubsystemUtils/Binaries/Win64/UE4Editor-OnlineBlueprintSupport.dll (API version 3944462).
LogModuleManager: Display: Found up-to-date module file ../../../Engine/Plugins/Runtime/AndroidDeviceProfileSelector/Binaries/Win64/UE4Editor-AndroidDeviceProfileSelector.dll (API version 3944462).
LogModuleManager: Display: Found up-to-date module file ../../../Engine/Plugins/Runtime/AppleARKit/Binaries/Win64/UE4Editor-AppleARKit.dll (API version 3944462).
LogModuleManager: Display: Found up-to-date module file ../../../Engine/Plugins/Runtime/ProceduralMeshComponent/Binaries/Win64/UE4Editor-ProceduralMeshComponent.dll (API version 3944462).
LogModuleManager: Display: Found up-to-date module file ../../../Engine/Plugins/Runtime/ProceduralMeshComponent/Binaries/Win64/UE4Editor-ProceduralMeshComponentEditor.dll (API version 3944462).
LogModuleManager: Display: Found up-to-date module file ../../../Engine/Plugins/Animation/LiveLink/Binaries/Win64/UE4Editor-LiveLink.dll (API version 3944462).
LogModuleManager: Display: Found up-to-date module file ../../../Engine/Plugins/Animation/LiveLink/Binaries/Win64/UE4Editor-LiveLinkEditor.dll (API version 3944462).
LogModuleManager: Display: Found up-to-date module file ../../../Engine/Plugins/Runtime/ArchVisCharacter/Binaries/Win64/UE4Editor-ArchVisCharacter.dll (API version 3944462).
LogModuleManager: Display: Found up-to-date module file ../../../Engine/Plugins/Runtime/AudioCapture/Binaries/Win64/UE4Editor-AudioCapture.dll (API version 3944462).
LogModuleManager: Display: Found up-to-date module file ../../../Engine/Plugins/Runtime/AudioCapture/Binaries/Win64/UE4Editor-AudioCaptureEditor.dll (API version 3944462).
LogModuleManager: Display: Found up-to-date module file ../../../Engine/Plugins/Runtime/CableComponent/Binaries/Win64/UE4Editor-CableComponent.dll (API version 3944462).
LogModuleManager: Display: Found up-to-date module file ../../../Engine/Plugins/Runtime/CustomMeshComponent/Binaries/Win64/UE4Editor-CustomMeshComponent.dll (API version 3944462).
LogModuleManager: Display: Found up-to-date module file ../../../Engine/Plugins/Runtime/ExampleDeviceProfileSelector/Binaries/Win64/UE4Editor-ExampleDeviceProfileSelector.dll (API version 3944462).
LogModuleManager: Display: Found up-to-date module file ../../../Engine/Plugins/Runtime/ImmediatePhysics/Binaries/Win64/UE4Editor-ImmediatePhysics.dll (API version 3944462).
LogModuleManager: Display: Found up-to-date module file ../../../Engine/Plugins/Runtime/ImmediatePhysics/Binaries/Win64/UE4Editor-ImmediatePhysicsEditor.dll (API version 3944462).
LogModuleManager: Display: Found up-to-date module file ../../../Engine/Plugins/Runtime/LocationServicesBPLibrary/Binaries/Win64/UE4Editor-LocationServicesBPLibrary.dll (API version 3944462).
LogModuleManager: Display: Found up-to-date module file ../../../Engine/Plugins/Runtime/MobilePatchingUtils/Binaries/Win64/UE4Editor-MobilePatchingUtils.dll (API version 3944462).
LogModuleManager: Display: Found up-to-date module file ../../../Engine/Plugins/Runtime/Oculus/OculusVR/Binaries/Win64/UE4Editor-OculusHMD.dll (API version 3944462).
LogModuleManager: Display: Found up-to-date module file ../../../Engine/Plugins/Runtime/Oculus/OculusVR/Binaries/Win64/UE4Editor-OculusInput.dll (API version 3944462).
LogModuleManager: Display: Found up-to-date module file ../../../Engine/Plugins/Runtime/Oculus/OculusVR/Binaries/Win64/UE4Editor-OculusEditor.dll (API version 3944462).
LogModuleManager: Display: Found up-to-date module file ../../../Engine/Plugins/Runtime/PhysXVehicles/Binaries/Win64/UE4Editor-PhysXVehicles.dll (API version 3944462).
LogModuleManager: Display: Found up-to-date module file ../../../Engine/Plugins/Runtime/PhysXVehicles/Binaries/Win64/UE4Editor-PhysXVehiclesEditor.dll (API version 3944462).
LogModuleManager: Display: Found up-to-date module file ../../../Engine/Plugins/Runtime/RuntimePhysXCooking/Binaries/Win64/UE4Editor-RuntimePhysXCooking.dll (API version 3944462).
LogModuleManager: Display: Found up-to-date module file ../../../Engine/Plugins/Runtime/Steam/SteamVR/Binaries/Win64/UE4Editor-SteamVR.dll (API version 3944462).
LogModuleManager: Display: Found up-to-date module file ../../../Engine/Plugins/Runtime/Steam/SteamVR/Binaries/Win64/UE4Editor-SteamVRController.dll (API version 3944462).
LogModuleManager: Display: Found up-to-date module file ../../../Engine/Plugins/Runtime/WindowsMoviePlayer/Binaries/Win64/UE4Editor-WindowsMoviePlayer.dll (API version 3944462).
LogPluginManager: Mounting plugin Paper2D
LogPluginManager: Mounting plugin LiveLink
LogPluginManager: Mounting plugin LightPropagationVolume
LogPluginManager: Mounting plugin CLionSourceCodeAccess
LogPluginManager: Mounting plugin CodeLiteSourceCodeAccess
LogPluginManager: Mounting plugin GitSourceControl
LogPluginManager: Mounting plugin KDevelopSourceCodeAccess
LogPluginManager: Mounting plugin NullSourceCodeAccess
LogPluginManager: Mounting plugin PerforceSourceControl
LogPluginManager: Mounting plugin SubversionSourceControl
LogPluginManager: Mounting plugin UObjectPlugin
LogPluginManager: Mounting plugin VisualStudioCodeSourceCodeAccess
LogPluginManager: Mounting plugin VisualStudioSourceCodeAccess
LogPluginManager: Mounting plugin XCodeSourceCodeAccess
LogPluginManager: Mounting plugin AssetManagerEditor
LogPluginManager: Mounting plugin CryptoKeys
LogPluginManager: Mounting plugin DataValidation
LogPluginManager: Mounting plugin FacialAnimation
LogPluginManager: Mounting plugin GameplayTagsEditor
LogPluginManager: Mounting plugin MobileLauncherProfileWizard
LogPluginManager: Mounting plugin PluginBrowser
LogPluginManager: Mounting plugin SpeedTreeImporter
LogPluginManager: Mounting plugin DatasmithContent
LogPluginManager: Mounting plugin AlembicImporter
LogPluginManager: Mounting plugin CharacterAI
LogPluginManager: Mounting plugin HTML5Networking
LogPluginManager: Mounting plugin AndroidMedia
LogPluginManager: Mounting plugin AvfMedia
LogPluginManager: Mounting plugin ImgMedia
LogPluginManager: Mounting plugin LinearTimecode
LogPluginManager: Mounting plugin MediaCompositing
LogPluginManager: Mounting plugin MediaPlayerEditor
LogPluginManager: Mounting plugin WmfMedia
LogPluginManager: Mounting plugin TcpMessaging
LogPluginManager: Mounting plugin UdpMessaging
LogPluginManager: Mounting plugin ActorSequence
LogPluginManager: Mounting plugin LevelSequenceEditor
LogPluginManager: Mounting plugin MatineeToLevelSequence
LogPluginManager: Mounting plugin NetcodeUnitTest
LogPluginManager: Mounting plugin NUTUnrealEngine4
LogPluginManager: Mounting plugin OnlineSubsystemGooglePlay
LogPluginManager: Mounting plugin OnlineSubsystemIOS
LogPluginManager: Mounting plugin OnlineSubsystem
LogPluginManager: Mounting plugin OnlineSubsystemNull
LogPluginManager: Mounting plugin OnlineSubsystemUtils
LogPluginManager: Mounting plugin AndroidDeviceProfileSelector
LogPluginManager: Mounting plugin AndroidMoviePlayer
LogPluginManager: Mounting plugin AndroidPermission
LogPluginManager: Mounting plugin AppleARKit
LogPluginManager: Mounting plugin AppleMoviePlayer
LogPluginManager: Mounting plugin ArchVisCharacter
LogPluginManager: Mounting plugin AudioCapture
LogPluginManager: Mounting plugin CableComponent
LogPluginManager: Mounting plugin CustomMeshComponent
LogPluginManager: Mounting plugin ExampleDeviceProfileSelector
LogPluginManager: Mounting plugin GoogleCloudMessaging
LogPluginManager: Mounting plugin ImmediatePhysics
LogPluginManager: Mounting plugin IOSDeviceProfileSelector
LogPluginManager: Mounting plugin LinuxDeviceProfileSelector
LogPluginManager: Mounting plugin LocationServicesBPLibrary
LogPluginManager: Mounting plugin MobilePatchingUtils
LogPluginManager: Mounting plugin OculusVR
LogPluginManager: Plugin shader directory ../../../Engine/Plugins/Runtime/Oculus/OculusVR/Shaders found
LogPluginManager: Mapping shader source directory ../../../Engine/Plugins/Runtime/Oculus/OculusVR/Shaders to virtual directory /Plugin/OculusVR
LogPluginManager: Mounting plugin PhysXVehicles
LogPluginManager: Mounting plugin ProceduralMeshComponent
LogPluginManager: Mounting plugin RuntimePhysXCooking
LogPluginManager: Mounting plugin SteamVR
LogPluginManager: Mounting plugin WindowsMoviePlayer
LogStreaming: Display: Took  0.868s to configure plugins.
LogInit: Using libcurl 7.47.1
LogInit:  - built for x86_64-pc-win32
LogInit:  - supports SSL with OpenSSL/1.0.2g
LogInit:  - supports HTTP deflate (compression) using libz 1.2.8
LogInit:  - other features:
LogInit:      CURL_VERSION_SSL
LogInit:      CURL_VERSION_LIBZ
LogInit:      CURL_VERSION_IPV6
LogInit:      CURL_VERSION_ASYNCHDNS
LogInit:      CURL_VERSION_LARGEFILE
LogInit:      CURL_VERSION_IDN
LogInit:  CurlRequestOptions (configurable via config and command line):
LogInit:  - bVerifyPeer = false  - Libcurl will NOT verify peer certificate
LogInit:  - bUseHttpProxy = false  - Libcurl will NOT use HTTP proxy
LogInit:  - bDontReuseConnections = false  - Libcurl will reuse connections
LogInit:  - CertBundlePath = nullptr  - Libcurl will use whatever was configured at build time.
LogInit:  - MaxHostConnections = 16  - Libcurl will limit the number of connections to a host
LogInit:  - LocalHostAddr = Default
LogInit: WinSock: version 1.1 (2.2), MaxSocks=32767, MaxUdp=65467
LogInit: WinSock: I am DESKTOP-91J1SGL (10.25.43.135:0)
LogInit: Build: ++UE4+Release-4.19-CL-4033788
LogInit: Engine Version: 4.19.2-4033788+++UE4+Release-4.19
LogInit: Compatible Engine Version: 4.19.0-3944462+++UE4+Release-4.19
LogInit: Net CL: 3944462
LogDevObjectVersion: Number of dev versions registered: 18
LogDevObjectVersion:   Dev-Blueprints (B0D832E4-1F89-4F0D-ACCF-7EB736FD4AA2): 10
LogDevObjectVersion:   Dev-Build (E1C64328-A22C-4D53-A36C-8E866417BD8C): 0
LogDevObjectVersion:   Dev-Core (375EC13C-06E4-48FB-B500-84F0262A717E): 2
LogDevObjectVersion:   Dev-Editor (E4B068ED-F494-42E9-A231-DA0B2E46BB41): 23
LogDevObjectVersion:   Dev-Framework (CFFC743F-43B0-4480-9391-14DF171D2073): 33
LogDevObjectVersion:   Dev-Mobile (B02B49B5-BB20-44E9-A304-32B752E40360): 2
LogDevObjectVersion:   Dev-Networking (A4E4105C-59A1-49B5-A7C5-40C4547EDFEE): 0
LogDevObjectVersion:   Dev-Online (39C831C9-5AE6-47DC-9A44-9C173E1C8E7C): 0
LogDevObjectVersion:   Dev-Physics (78F01B33-EBEA-4F98-B9B4-84EACCB95AA2): 0
LogDevObjectVersion:   Dev-Platform (6631380F-2D4D-43E0-8009-CF276956A95A): 0
LogDevObjectVersion:   Dev-Rendering (12F88B9F-8875-4AFC-A67C-D90C383ABD29): 25
LogDevObjectVersion:   Dev-Sequencer (7B5AE74C-D270-4C10-A958-57980B212A5A): 6
LogDevObjectVersion:   Dev-VR (D7296918-1DD6-4BDD-9DE2-64A83CC13884): 1
LogDevObjectVersion:   Dev-LoadTimes (C2A15278-BFE7-4AFE-6C17-90FF531DF755): 1
LogDevObjectVersion:   Private-Geometry (6EACA3D4-40EC-4CC1-B786-8BED09428FC5): 2
LogDevObjectVersion:   Dev-AnimPhys (29E575DD-E0A3-4627-9D10-D276232CDCEA): 16
LogDevObjectVersion:   Dev-ReflectionCapture (6B266CEC-1EC7-4B8F-A30B-E4D90942FC07): 1
LogDevObjectVersion:   Dev-Automation (0DF73D61-A23F-47EA-B727-89E90C41499A): 1
LogInit: Compiled (64-bit): Apr 27 2018 02:06:57
LogInit: Compiled with Visual C++: 19.00.24215.01
LogInit: Build Configuration: Development
LogInit: Branch Name: ++UE4+Release-4.19
LogInit: Command Line:  
LogInit: Base Directory: D:/Program Files/Epic Games/UE_4.19/Engine/Binaries/Win64/
LogInit: Installed Engine Build: 1
LogStreaming: Display: Took  0.000s to delete old logs.
LogInit: Presizing for max 8388607 objects, including 0 objects not considered by GC, pre-allocating 0 bytes for permanent pool.
LogInit: Object subsystem initialized
[2018.08.28-22.26.59:552][  0]LogInit: Selected Device Profile: [Windows]
[2018.08.28-22.26.59:552][  0]LogInit: Applying CVar settings loaded from the selected device profile: [Windows]
[2018.08.28-22.26.59:565][  0]LogInit: Computer: DESKTOP-91J1SGL
[2018.08.28-22.26.59:565][  0]LogInit: User: archie
[2018.08.28-22.26.59:565][  0]LogInit: CPU Page size=4096, Cores=4
[2018.08.28-22.26.59:565][  0]LogInit: High frequency timer resolution =2.742193 MHz
[2018.08.28-22.26.59:565][  0]LogMemory: Memory total: Physical=15.9GB (16GB approx)
[2018.08.28-22.26.59:565][  0]LogMemory: Platform Memory Stats for Windows
[2018.08.28-22.26.59:565][  0]LogMemory: Process Physical Memory: 273.88 MB used, 273.88 MB peak
[2018.08.28-22.26.59:565][  0]LogMemory: Process Virtual Memory: 264.80 MB used, 264.80 MB peak
[2018.08.28-22.26.59:565][  0]LogMemory: Physical Memory: 6699.21 MB used,  9557.75 MB free, 16256.96 MB total
[2018.08.28-22.26.59:565][  0]LogMemory: Virtual Memory: 4795.75 MB used,  9557.75 MB free, 134217728.00 MB total
[2018.08.28-22.26.59:922][  0]LogInit: Using OS detected language (en-US).
[2018.08.28-22.26.59:922][  0]LogInit: Using OS detected locale (en-US).
[2018.08.28-22.26.59:925][  0]LogTextLocalizationManager: No specific localization for 'en-US' exists, so the 'en' localization will be used.
[2018.08.28-22.27.00:397][  0]LogStreaming: Display: Took  0.476s to EndInitTextLocalization.
[2018.08.28-22.27.00:398][  0]LogInit: Setting process to per monitor DPI aware
[2018.08.28-22.27.00:428][  0]LogSlate: New Slate User Created.  User Index 0, Is Virtual User: 0
[2018.08.28-22.27.00:428][  0]LogSlate: Slate User Registered.  User Index 0, Is Virtual User: 0
[2018.08.28-22.27.00:645][  0]LogD3D11RHI: D3D11 adapters:
[2018.08.28-22.27.01:638][  0]LogD3D11RHI:    0. 'NVIDIA GeForce GTX 1060' (Feature Level 11_0)
[2018.08.28-22.27.01:638][  0]LogD3D11RHI:       6052/0/8128 MB DedicatedVideo/DedicatedSystem/SharedSystem, Outputs:1, VendorId:0x10de
[2018.08.28-22.27.01:649][  0]LogD3D11RHI:    1. 'Intel(R) HD Graphics 630' (Feature Level 11_0)
[2018.08.28-22.27.01:649][  0]LogD3D11RHI:       128/0/8128 MB DedicatedVideo/DedicatedSystem/SharedSystem, Outputs:0, VendorId:0x8086
[2018.08.28-22.27.01:651][  0]LogD3D11RHI:    2. 'Microsoft Basic Render Driver' (Feature Level 11_0)
[2018.08.28-22.27.01:651][  0]LogD3D11RHI:       0/0/8128 MB DedicatedVideo/DedicatedSystem/SharedSystem, Outputs:0, VendorId:0x1414
[2018.08.28-22.27.01:653][  0]LogD3D11RHI:    3. 'Microsoft Basic Render Driver' (Feature Level 11_0)
[2018.08.28-22.27.01:653][  0]LogD3D11RHI:       0/0/8128 MB DedicatedVideo/DedicatedSystem/SharedSystem, Outputs:0, VendorId:0x1414
[2018.08.28-22.27.01:653][  0]LogD3D11RHI: Chosen D3D11 Adapter: 0
[2018.08.28-22.27.01:682][  0]LogD3D11RHI: Creating new Direct3DDevice
[2018.08.28-22.27.01:683][  0]LogD3D11RHI:     GPU DeviceId: 0x1c20 (for the marketing name, search the web for "GPU Device Id")
[2018.08.28-22.27.01:683][  0]LogWindows: EnumDisplayDevices:
[2018.08.28-22.27.01:683][  0]LogWindows:    0. 'Intel(R) HD Graphics 630' (P:1 D:1)
[2018.08.28-22.27.01:683][  0]LogWindows:    1. 'Intel(R) HD Graphics 630' (P:0 D:0)
[2018.08.28-22.27.01:683][  0]LogWindows:    2. 'Intel(R) HD Graphics 630' (P:0 D:0)
[2018.08.28-22.27.01:683][  0]LogWindows:    3. 'NVIDIA GeForce GTX 1060' (P:0 D:0)
[2018.08.28-22.27.01:683][  0]LogWindows:    4. 'NVIDIA GeForce GTX 1060' (P:0 D:0)
[2018.08.28-22.27.01:684][  0]LogWindows:    5. 'NVIDIA GeForce GTX 1060' (P:0 D:0)
[2018.08.28-22.27.01:684][  0]LogWindows:    6. 'NVIDIA GeForce GTX 1060' (P:0 D:0)
[2018.08.28-22.27.01:684][  0]LogWindows:    7. 'spacedesk Graphics Adapter' (P:0 D:0)
[2018.08.28-22.27.01:684][  0]LogWindows:    8. 'spacedesk Graphics Adapter' (P:0 D:0)
[2018.08.28-22.27.01:684][  0]LogWindows:    9. 'spacedesk Graphics Adapter' (P:0 D:0)
[2018.08.28-22.27.01:684][  0]LogWindows: DebugString: GetVideoDriverDetailsInvalid PrimaryIsNotTheChoosenAdapter GetVideoDriverDetailsInvalid PrimaryIsNotTheChoosenAdapter GetVideoDriverDetailsInvalid PrimaryIsNotTheChoosenAdapter GetVideoDriverDetailsInvalid PrimaryIsNotTheChoosenAdapter GetVideoDriverDetailsInvalid PrimaryIsNotTheChoosenAdapter GetVideoDriverDetailsInvalid PrimaryIsNotTheChoosenAdapter GetVideoDriverDetailsInvalid PrimaryIsNotTheChoosenAdapter GetVideoDriverDetailsInvalid PrimaryIsNotTheChoosenAdapter GetVideoDriverDetailsInvalid PrimaryIsNotTheChoosenAdapter GetVideoDriverDetailsInvalid PrimaryIsNotTheChoosenAdapter FoundDriverCount:0 
[2018.08.28-22.27.01:684][  0]LogD3D11RHI:     Adapter Name: NVIDIA GeForce GTX 1060
[2018.08.28-22.27.01:684][  0]LogD3D11RHI:   Driver Version: Unknown (internal:Unknown, unified:Unknown)
[2018.08.28-22.27.01:685][  0]LogD3D11RHI:      Driver Date: Unknown
[2018.08.28-22.27.01:685][  0]LogRHI: Texture pool is 4236 MB (70% of 6052 MB)
[2018.08.28-22.27.01:732][  0]LogD3D11RHI: [Aftermath] Aftermath enabled and primed
[2018.08.28-22.27.01:732][  0]LogD3D11RHI: [Aftermath] Aftermath enabled and primed
[2018.08.28-22.27.01:732][  0]LogD3D11RHI: Async texture creation enabled
[2018.08.28-22.27.01:775][  0]LogD3D11RHI: GPU Timing Frequency: 1000.000000 (Debug: 2 2)
[2018.08.28-22.27.01:776][  0]LogShaderCompilers: Guid format shader working directory is 7 characters bigger than the processId version (../../../../../../Work/Unreal/ShmupBase/Intermediate/Shaders/WorkingDirectory/23980/).
[2018.08.28-22.27.01:777][  0]LogShaderCompilers: Cleaned the shader compiler working directory 'C:/Users/archie/AppData/Local/Temp/UnrealShaderWorkingDir/1CE3DFC9438715DF33D1D4B341F21C4B/'.
[2018.08.28-22.27.02:070][  0]LogTemp: Display: Loaded TP AllDesktopTargetPlatform
[2018.08.28-22.27.02:090][  0]LogTemp: Display: Loaded TP MacClientTargetPlatform
[2018.08.28-22.27.02:105][  0]LogTemp: Display: Loaded TP MacNoEditorTargetPlatform
[2018.08.28-22.27.02:118][  0]LogTemp: Display: Loaded TP MacServerTargetPlatform
[2018.08.28-22.27.02:132][  0]LogTemp: Display: Loaded TP MacTargetPlatform
[2018.08.28-22.27.02:150][  0]LogTemp: Display: Loaded TP WindowsClientTargetPlatform
[2018.08.28-22.27.02:171][  0]LogTemp: Display: Loaded TP WindowsNoEditorTargetPlatform
[2018.08.28-22.27.02:187][  0]LogTemp: Display: Loaded TP WindowsServerTargetPlatform
[2018.08.28-22.27.02:194][  0]LogTemp: Display: Loaded TP WindowsTargetPlatform
[2018.08.28-22.27.02:211][  0]LogTemp: Display: Loaded TP Android_ASTCTargetPlatform
[2018.08.28-22.27.02:224][  0]LogTemp: Display: Loaded TP Android_ATCTargetPlatform
[2018.08.28-22.27.02:237][  0]LogTemp: Display: Loaded TP Android_DXTTargetPlatform
[2018.08.28-22.27.02:256][  0]LogTemp: Display: Loaded TP Android_ETC1aTargetPlatform
[2018.08.28-22.27.02:273][  0]LogTemp: Display: Loaded TP Android_ETC1TargetPlatform
[2018.08.28-22.27.02:288][  0]LogTemp: Display: Loaded TP Android_ETC2TargetPlatform
[2018.08.28-22.27.02:317][  0]LogTemp: Display: Loaded TP Android_MultiTargetPlatform
[2018.08.28-22.27.02:317][  0]LogTemp: Display: Loaded TP Android_PVRTCTargetPlatform
[2018.08.28-22.27.02:330][  0]LogTemp: Display: Loaded TP AndroidTargetPlatform
[2018.08.28-22.27.02:331][  0]LogTemp: Display: Loaded TP HTML5TargetPlatform
[2018.08.28-22.27.02:367][  0]LogTemp: Display: Loaded TP IOSTargetPlatform
[2018.08.28-22.27.02:378][  0]LogTemp: Display: Loaded TP TVOSTargetPlatform
[2018.08.28-22.27.02:391][  0]LogTemp: Display: Loaded TP LinuxClientTargetPlatform
[2018.08.28-22.27.02:406][  0]LogTemp: Display: Loaded TP LinuxNoEditorTargetPlatform
[2018.08.28-22.27.02:420][  0]LogTemp: Display: Loaded TP LinuxServerTargetPlatform
[2018.08.28-22.27.02:435][  0]LogTemp: Display: Loaded TP LinuxTargetPlatform
[2018.08.28-22.27.02:435][  0]LogTargetPlatformManager: Display: Building Assets For Windows
[2018.08.28-22.27.02:534][  0]LogXGEController: Cleaning working directory: C:/Users/archie/AppData/Local/Temp/UnrealXGEWorkingDir/
[2018.08.28-22.27.02:534][  0]LogXGEController: Cannot use XGE Controller as Incredibuild is not installed on this machine.
[2018.08.28-22.27.02:534][  0]LogShaderCompilers: Cannot use XGE Shader Compiler as Incredibuild is not installed on this machine.
[2018.08.28-22.27.02:534][  0]LogShaderCompilers: Display: Using Local Shader Compiler.
[2018.08.28-22.27.03:297][  0]LogDerivedDataCache: Display: Max Cache Size: 512 MB
[2018.08.28-22.27.03:383][  0]LogDerivedDataCache: Loaded boot cache 0.09s 78MB C:/Users/archie/AppData/Local/UnrealEngine/4.19/DerivedDataCache/Boot.ddc.
[2018.08.28-22.27.03:383][  0]LogDerivedDataCache: Display: Loaded Boot cache: C:/Users/archie/AppData/Local/UnrealEngine/4.19/DerivedDataCache/Boot.ddc
[2018.08.28-22.27.03:383][  0]LogDerivedDataCache: FDerivedDataBackendGraph:  Pak pak cache file ../../../../../../Work/Unreal/ShmupBase/DerivedDataCache/DDC.ddp not found, will not use a pak cache.
[2018.08.28-22.27.03:383][  0]LogDerivedDataCache: Unable to find inner node Pak for hierarchical cache Hierarchy.
[2018.08.28-22.27.03:383][  0]LogDerivedDataCache: FDerivedDataBackendGraph:  CompressedPak pak cache file ../../../../../../Work/Unreal/ShmupBase/DerivedDataCache/Compressed.ddp not found, will not use a pak cache.
[2018.08.28-22.27.03:383][  0]LogDerivedDataCache: Unable to find inner node CompressedPak for hierarchical cache Hierarchy.
[2018.08.28-22.27.03:400][  0]LogDerivedDataCache: Display: Pak cache opened for reading ../../../Engine/DerivedDataCache/Compressed.ddp.
[2018.08.28-22.27.03:413][  0]LogDerivedDataCache: Using Local data cache path C:/Users/archie/AppData/Local/UnrealEngine/Common/DerivedDataCache: Writable
[2018.08.28-22.27.03:413][  0]LogDerivedDataCache: Shared data cache path not found in *engine.ini, will not use an Shared cache.
[2018.08.28-22.27.03:413][  0]LogDerivedDataCache: Unable to find inner node Shared for hierarchical cache Hierarchy.
[2018.08.28-22.27.03:475][  0]LogMaterial: Verifying Global Shaders for PCD3D_SM5
[2018.08.28-22.27.03:476][  0]LogSlate: Using Freetype 2.6.0
[2018.08.28-22.27.03:476][  0]LogSlate: SlateFontCache - WITH_FREETYPE: 1, WITH_HARFBUZZ: 1
[2018.08.28-22.27.03:476][  0]LogSlate: SlateFontCache - WITH_FREETYPE: 1, WITH_HARFBUZZ: 1
[2018.08.28-22.27.03:606][  0]LogAssetRegistry: FAssetRegistry took 0.0265 seconds to start up
[2018.08.28-22.27.04:003][  0]LogInit: Selected Device Profile: [Windows]
[2018.08.28-22.27.04:062][  0]LogSimplygon: Simplygon DLL not present - disabling.
[2018.08.28-22.27.04:064][  0]LogMeshReduction: Using SimplygonSwarm for distributed automatic mesh merging
[2018.08.28-22.27.04:064][  0]LogMeshReduction: Using QuadricMeshReduction for automatic static mesh reduction
[2018.08.28-22.27.04:064][  0]LogMeshReduction: No automatic skeletal mesh reduction module available
[2018.08.28-22.27.04:064][  0]LogMeshReduction: No automatic mesh merging module available
[2018.08.28-22.27.04:064][  0]LogMeshMerging: No automatic mesh merging module available
[2018.08.28-22.27.04:401][  0]LogNetVersion: ShmupBase , NetCL: 3944462, EngineNetVer: 2, GameNetVer: 0 (Checksum: 2047846479)
[2018.08.28-22.27.05:336][  0]LogPackageLocalizationCache: Processed 9 localized package path(s) for 2 prioritized culture(s) in 0.061772 seconds
[2018.08.28-22.27.05:342][  0]LogUObjectArray: 36728 objects as part of root set at end of initial load.
[2018.08.28-22.27.05:342][  0]LogUObjectAllocator: 7314304 out of 0 bytes used by permanent object pool.
[2018.08.28-22.27.05:342][  0]LogUObjectArray: CloseDisregardForGC: 0/0 objects in disregard for GC pool
[2018.08.28-22.27.07:549][  0]LogTcpMessaging: Initializing TcpMessaging bridge
[2018.08.28-22.27.07:594][  0]LogUdpMessaging: Initializing bridge on interface 0.0.0.0:0 to multicast group 230.0.0.1:6666.
[2018.08.28-22.27.07:901][  0]SourceControl: Source control is disabled
[2018.08.28-22.27.07:901][  0]SourceControl: Source control is disabled
[2018.08.28-22.27.07:914][  0]SourceControl: Source control is disabled
[2018.08.28-22.27.07:929][  0]SourceControl: Source control is disabled
[2018.08.28-22.27.08:381][  0]LogAndroidPermission: UAndroidPermissionCallbackProxy::GetInstance
[2018.08.28-22.27.08:537][  0]LogOcInput: OculusInput pre-init called
[2018.08.28-22.27.08:790][  0]LogEngine: Initializing Engine...
[2018.08.28-22.27.08:854][  0]LogHMD: Failed to initialize OpenVR with code 126
[2018.08.28-22.27.08:855][  0]LogStats: UGameplayTagsManager::ConstructGameplayTagTree: Construct from data asset -  0.000 s
[2018.08.28-22.27.08:856][  0]LogStats: UGameplayTagsManager::ConstructGameplayTagTree: GameplayTagTreeChangedEvent.Broadcast -  0.000 s
[2018.08.28-22.27.10:148][  0]LogAIModule: Creating AISystem for world Untitled
[2018.08.28-22.27.10:241][  0]LogInit: XAudio2 using 'Speakers / Headphones (Realtek Audio)' : 6 channels at 48 kHz using 32 bits per sample (channel mask 0x3f)
[2018.08.28-22.27.10:402][  0]LogInit: FAudioDevice initialized.
[2018.08.28-22.27.10:491][  0]LogDerivedDataCache: Saved boot cache 0.09s 91MB C:/Users/archie/AppData/Local/UnrealEngine/4.19/DerivedDataCache/Boot.ddc.
[2018.08.28-22.27.10:510][  0]LogInit: Texture streaming: Enabled
[2018.08.28-22.27.10:526][  0]LogEngineSessionManager: EngineSessionManager initialized
[2018.08.28-22.27.10:541][  0]LogInit: Transaction tracking system initialized
[2018.08.28-22.27.10:558][  0]BlueprintLog: New page: Editor Load
[2018.08.28-22.27.10:615][  0]LocalizationService: Localization service is disabled
[2018.08.28-22.27.10:724][  0]LogConsoleResponse: Display: 
[2018.08.28-22.27.11:117][  0]LogCook: Display: Max memory allowance for cook 16384mb min free memory 0mb
[2018.08.28-22.27.11:117][  0]LogCook: Display: Mobile HDR setting 1
[2018.08.28-22.27.11:117][  0]LogGameplayTags: Display: UGameplayTagsManager::DoneAddingNativeTags. DelegateIsBound: 0
[2018.08.28-22.27.11:117][  0]LogStats: UGameplayTagsManager::ConstructGameplayTagTree: Construct from data asset -  0.000 s
[2018.08.28-22.27.11:117][  0]LogStats: UGameplayTagsManager::ConstructGameplayTagTree: GameplayTagTreeChangedEvent.Broadcast -  0.000 s
[2018.08.28-22.27.11:425][  0]LogFileCache: Scanning file cache for directory 'D:/Work/Unreal/ShmupBase/Content/' took 0.01s
[2018.08.28-22.27.11:425][  0]SourceControl: Source control is disabled
[2018.08.28-22.27.11:425][  0]Cmd: MAP LOAD FILE="../../../Engine/Content/Maps/Templates/Template_Default.umap" TEMPLATE=1 SHOWPROGRESS=1 FEATURELEVEL=3
[2018.08.28-22.27.11:760][  0]LightingResults: New page: Lighting Build
[2018.08.28-22.27.11:842][  0]MapCheck: New page: Map Check
[2018.08.28-22.27.11:842][  0]LightingResults: New page: Lighting Build
[2018.08.28-22.27.12:984][  0]LogAIModule: Creating AISystem for world Untitled_1
[2018.08.28-22.27.13:554][  0]LogEditorServer: Finished looking for orphan Actors (0.000 secs)
[2018.08.28-22.27.13:697][  0]Cmd: MAP CHECKDEP NOCLEARLOG
[2018.08.28-22.27.13:739][  0]MapCheck: Map check complete: 0 Error(s), 0 Warning(s), took 41.312ms to complete.
[2018.08.28-22.27.13:739][  0]LogFileHelpers: Loading map 'Template_Default' took 2.313
[2018.08.28-22.27.13:891][  0]LogCollectionManager: Loaded 0 collections in 0.001456 seconds
[2018.08.28-22.27.13:933][  0]LogFileCache: Scanning file cache for directory 'D:/Work/Unreal/ShmupBase/Saved/Collections/' took 0.01s
[2018.08.28-22.27.13:933][  0]LogFileCache: Scanning file cache for directory 'D:/Work/Unreal/ShmupBase/Content/Developers/archie/Collections/' took 0.01s
[2018.08.28-22.27.13:933][  0]LogFileCache: Scanning file cache for directory 'D:/Work/Unreal/ShmupBase/Content/Collections/' took 0.01s
[2018.08.28-22.27.13:933][  0]LogCollectionManager: Rebuilt the GUID cache for 0 collections in 0.000000 seconds
[2018.08.28-22.27.13:943][  0]LogContentBrowser: Native class hierarchy populated in 0.0095 seconds. Added 2452 classes and 558 folders.
[2018.08.28-22.27.13:949][  0]LogContentBrowser: Native class hierarchy updated for 'WidgetCarousel' in 0.0002 seconds. Added 0 classes and 0 folders.
[2018.08.28-22.27.13:992][  0]LogContentBrowser: Native class hierarchy updated for 'AddContentDialog' in 0.0003 seconds. Added 0 classes and 0 folders.
[2018.08.28-22.27.13:995][  0]LogContentBrowser: Native class hierarchy updated for 'SceneOutliner' in 0.0002 seconds. Added 1 classes and 2 folders.
[2018.08.28-22.27.15:525][  0]LogSlate: Only BGRA pngs, bmps or icos are supported in by External Image Picker
[2018.08.28-22.27.15:555][  0]LogSlate: Took 0.000224 seconds to synchronously load lazily loaded font '../../../Engine/Content/Slate/Fonts/Roboto-Regular.ttf' (155K)
[2018.08.28-22.27.15:558][  0]LogSlate: Took 0.000225 seconds to synchronously load lazily loaded font '../../../Engine/Content/Slate/Fonts/Roboto-Bold.ttf' (160K)
[2018.08.28-22.27.15:567][  0]LogSlate: Took 0.000248 seconds to synchronously load lazily loaded font '../../../Engine/Content/Editor/Slate/Fonts/FontAwesome.ttf' (139K)
[2018.08.28-22.27.15:727][  0]LogTemp: Executing iPhonePackager certificates Engine -bundlename com.YourCompany.ShmupBase
[2018.08.28-22.27.15:727][  0]LogTemp: CWD: D:\Program Files\Epic Games\UE_4.19\Engine\Binaries\DotNET\IOS
[2018.08.28-22.27.15:727][  0]LogTemp: Initial Dir: D:\Program Files\Epic Games\UE_4.19
[2018.08.28-22.27.15:727][  0]LogTemp: Env CWD: D:\Program Files\Epic Games\UE_4.19\Engine\Binaries\DotNET\IOS
[2018.08.28-22.27.15:727][  0]LogTemp: BranchPath = DESKTOP-91J1SGL/D/Program Files/Epic Games/UE_4.19/Engine/Binaries --- GameBranchPath = DESKTOP-91J1SGL/D/Program Files/Epic Games/UE_4.19/Engine/Binaries
[2018.08.28-22.27.15:727][  0]LogTemp: IPP ERROR: Could not find provision directory 'C:\Users\archie\AppData\Local/Apple Computer/MobileDevice/Provisioning Profiles/'.
[2018.08.28-22.27.15:727][  0]LogRenderer: Reallocating scene render targets to support 880x432 Format 10 NumSamples 1 (Frame:1).
[2018.08.28-22.27.16:137][  0]LogContentBrowser: Native class hierarchy updated for 'HierarchicalLODOutliner' in 0.0003 seconds. Added 0 classes and 0 folders.
[2018.08.28-22.27.16:137][  0]LogLoad: (Engine Initialization) Total time: 18.73 seconds
[2018.08.28-22.27.16:137][  0]LogLoad: (Engine Initialization) Total Blueprint compile time: 0.00 seconds
[2018.08.28-22.27.16:556][  0]LogContentStreaming: Texture pool size now 1000 MB
[2018.08.28-22.27.16:592][  0]LogSlate: Took 0.000262 seconds to synchronously load lazily loaded font '../../../Engine/Content/Slate/Fonts/Roboto-Light.ttf' (167K)
[2018.08.28-22.27.24:816][ 25]LogAssetRegistry: Asset discovery search completed in 21.2324 seconds
[2018.08.28-22.27.24:818][ 25]LogCollectionManager: Rebuilt the object cache for 0 collections in 0.000000 seconds (found 0 objects)
[2018.08.28-22.27.24:818][ 25]LogCollectionManager: Fixed up redirectors for 0 collections in 0.000067 seconds (updated 0 objects)
[2018.08.28-22.28.19:494][309]LogSlate: FSceneViewport::OnFocusLost() reason 0
[2018.08.28-22.28.19:594][315]LogTemp: Repeating last play command: Selected Viewport
[2018.08.28-22.28.19:697][315]LogPlayLevel: PlayLevel: No blueprints needed recompiling
[2018.08.28-22.28.19:797][315]PIE: New page: PIE session: Untitled_1 (Aug 28, 2018, 8:28:19 AM)
[2018.08.28-22.28.19:807][315]LogPlayLevel: Creating play world package: /Temp/UEDPIE_0_Untitled_1
[2018.08.28-22.28.19:845][315]LogPlayLevel: PIE: StaticDuplicateObject took: (0.038308s)
[2018.08.28-22.28.19:846][315]LogAIModule: Creating AISystem for world Untitled_1
[2018.08.28-22.28.19:846][315]LogPlayLevel: PIE: World Init took: (0.000685s)
[2018.08.28-22.28.19:846][315]LogPlayLevel: PIE: Created PIE world by copying editor world from /Temp/Untitled_1.Untitled_1 to /Temp/UEDPIE_0_Untitled_1.Untitled_1 (0.039215s)
[2018.08.28-22.28.19:892][315]LogInit: XAudio2 using 'Speakers / Headphones (Realtek Audio)' : 6 channels at 48 kHz using 32 bits per sample (channel mask 0x3f)
[2018.08.28-22.28.19:967][315]LogInit: FAudioDevice initialized.
[2018.08.28-22.28.20:028][315]LogLoad: Game class is 'GameModeBase'
[2018.08.28-22.28.20:041][315]LogWorld: Bringing World /Temp/UEDPIE_0_Untitled_1.Untitled_1 up for play (max tick rate 60) at 2018.08.28-15.28.20
[2018.08.28-22.28.20:069][315]LogWorld: Bringing up level for play took: 0.027696
[2018.08.28-22.28.20:259][315]LogContentBrowser: Native class hierarchy updated for 'MovieSceneCapture' in 0.0003 seconds. Added 11 classes and 0 folders.
[2018.08.28-22.28.20:293][315]PIE: Play in editor start time for /Temp/UEDPIE_0_Untitled_1 0.269
[2018.08.28-22.28.27:893][757]LogUObjectGlobals: Created PersistentFrame Addr=0x000001ae39a248f8, Size=4, Default__BP_Bullet_Base_C Function /Game/Shmup/Blueprints/BP_Bullet_Base.BP_Bullet_Base_C:ExecuteUbergraph_BP_Bullet_Base
[2018.08.28-22.28.27:895][757]LogUObjectGlobals: Destroyed PersistentFrame Addr=0x000001ae39a248f8, Size=4
[2018.08.28-22.28.27:895][757]LogUObjectGlobals: Created PersistentFrame Addr=0x000001ae39a248f8, Size=4, Default__BP_Bullet_Base_C Function /Engine/Transient.REINST_BP_Bullet_Base_C_5:ExecuteUbergraph_BP_Bullet_Base
[2018.08.28-22.28.27:896][757]LogUObjectGlobals: Created PersistentFrame Addr=0x000001ae39a249b0, Size=4, Default__BP_Bullet_Base_C Function /Game/Shmup/Blueprints/BP_Bullet_Base.BP_Bullet_Base_C:ExecuteUbergraph_BP_Bullet_Base
[2018.08.28-22.28.27:917][757]LogUObjectGlobals: Created PersistentFrame Addr=0x000001ae0412f900, Size=880, Default__BP_Ship_Pawn_C Function /Game/Shmup/Blueprints/BP_Ship_Pawn.BP_Ship_Pawn_C:ExecuteUbergraph_BP_Ship_Pawn
[2018.08.28-22.28.27:962][757]LogUObjectGlobals: Destroyed PersistentFrame Addr=0x000001ae0412f900, Size=880
[2018.08.28-22.28.27:962][757]LogUObjectGlobals: Created PersistentFrame Addr=0x000001ae0412f900, Size=880, Default__BP_Ship_Pawn_C Function /Engine/Transient.REINST_BP_Ship_Pawn_C_7:ExecuteUbergraph_BP_Ship_Pawn
[2018.08.28-22.28.27:980][757]LogUObjectGlobals: Created PersistentFrame Addr=0x000001ae0412d600, Size=880, Default__BP_Ship_Pawn_C Function /Game/Shmup/Blueprints/BP_Ship_Pawn.BP_Ship_Pawn_C:ExecuteUbergraph_BP_Ship_Pawn
[2018.08.28-22.28.28:032][757]LogUObjectGlobals: Created PersistentFrame Addr=0x000001ae60536400, Size=1488, Default__BP_Invader_C Function /Game/Shmup/Blueprints/BP_Invader.BP_Invader_C:ExecuteUbergraph_BP_Invader
[2018.08.28-22.28.28:053][757]LogUObjectGlobals: Destroyed PersistentFrame Addr=0x000001ae60536400, Size=1488
[2018.08.28-22.28.28:053][757]LogUObjectGlobals: Created PersistentFrame Addr=0x000001ae7ee56400, Size=1488, Default__BP_Invader_C Function /Engine/Transient.REINST_BP_Invader_C_11:ExecuteUbergraph_BP_Invader
[2018.08.28-22.28.28:077][757]LogUObjectGlobals: Created PersistentFrame Addr=0x000001ae7edf7900, Size=1488, Default__BP_Invader_C Function /Game/Shmup/Blueprints/BP_Invader.BP_Invader_C:ExecuteUbergraph_BP_Invader
[2018.08.28-22.28.28:082][757]LogUObjectGlobals: Created PersistentFrame Addr=0x000001ae7edcb340, Size=96, Default__BP_Spawner_C Function /Game/Shmup/Blueprints/BP_Spawner.BP_Spawner_C:ExecuteUbergraph_BP_Spawner
[2018.08.28-22.28.28:085][757]LogUObjectGlobals: Destroyed PersistentFrame Addr=0x000001ae7edcb340, Size=96
[2018.08.28-22.28.28:085][757]LogUObjectGlobals: Created PersistentFrame Addr=0x000001ae7edcb340, Size=96, Default__BP_Spawner_C Function /Engine/Transient.REINST_BP_Spawner_C_13:ExecuteUbergraph_BP_Spawner
[2018.08.28-22.28.28:086][757]LogUObjectGlobals: Created PersistentFrame Addr=0x000001ae7edcbd00, Size=96, Default__BP_Spawner_C Function /Game/Shmup/Blueprints/BP_Spawner.BP_Spawner_C:ExecuteUbergraph_BP_Spawner
[2018.08.28-22.28.28:424][757]LogTexture: Display: Building textures: T_Ship_Body (AutoDXT, 1024X1024)
[2018.08.28-22.28.28:424][757]LogTexture: Display: Building textures: T_Ship_Window (AutoDXT, 512X512)
[2018.08.28-22.28.28:424][757]LogTexture: Display: Building textures: LQ_Lightmap_1_1 (DXT1, 256X256)
[2018.08.28-22.28.28:424][757]LogTexture: Display: Building textures: HQ_Lightmap1_2 (AutoDXT, 64X64)
[2018.08.28-22.28.28:424][757]LogTexture: Display: Building textures: LQ_Lightmap_1_2 (DXT1, 64X64)
[2018.08.28-22.28.28:424][757]LogTexture: Display: Building textures: HQ_Lightmap1_1 (AutoDXT, 256X256)
[2018.08.28-22.28.28:424][757]LogTexture: Display: Building textures: ShadowMapTexture2D_2 (G8, 256X128)
[2018.08.28-22.28.28:424][757]LogTexture: Display: Building textures: SkyOcclusion0_2 (AutoDXT, 64X32)
[2018.08.28-22.28.28:424][757]LogTexture: Display: Building textures: SkyOcclusion0_1 (AutoDXT, 256X128)
[2018.08.28-22.28.28:424][757]LogTexture: Display: Building textures: ShadowMapTexture2D_3 (G8, 32X32)
[2018.08.28-22.28.28:424][757]LogStaticMesh: Building static mesh Invader_Leg_R...
[2018.08.28-22.28.28:489][757]LogStaticMesh: Built static mesh [0.06s] /Game/Shmup/Meshes/Invader/Invader_Leg_R.Invader_Leg_R
[2018.08.28-22.28.28:500][757]LogStaticMesh: Building static mesh Invader_Leg_L...
[2018.08.28-22.28.28:503][757]LogStaticMesh: Built static mesh [0.00s] /Game/Shmup/Meshes/Invader/Invader_Leg_L.Invader_Leg_L
[2018.08.28-22.28.28:504][757]LogStaticMesh: Building static mesh Invader_Body...
[2018.08.28-22.28.28:509][757]LogStaticMesh: Built static mesh [0.01s] /Game/Shmup/Meshes/Invader/Invader_Body.Invader_Body
[2018.08.28-22.28.28:511][757]LogStaticMesh: Building static mesh Invader_Arm_R...
[2018.08.28-22.28.28:514][757]LogStaticMesh: Built static mesh [0.00s] /Game/Shmup/Meshes/Invader/Invader_Arm_R.Invader_Arm_R
[2018.08.28-22.28.28:516][757]LogStaticMesh: Building static mesh Invader_Arm_L...
[2018.08.28-22.28.28:519][757]LogStaticMesh: Built static mesh [0.00s] /Game/Shmup/Meshes/Invader/Invader_Arm_L.Invader_Arm_L
[2018.08.28-22.28.28:521][757]LogStaticMesh: Building static mesh Invader_Ant_R...
[2018.08.28-22.28.28:525][757]LogStaticMesh: Built static mesh [0.00s] /Game/Shmup/Meshes/Invader/Invader_Ant_R.Invader_Ant_R
[2018.08.28-22.28.28:537][757]LogAudioDerivedData: Display: Building compressed audio format OGG wave Invader_Explosion_01...
[2018.08.28-22.28.28:596][757]LogMaterial: Missing cached shader map for material M_Invader, compiling. 
[2018.08.28-22.28.28:790][757]LogShaderCompilers: Display: Shaders left to compile 22
[2018.08.28-22.28.28:790][757]LogShaderCompilers: Display: Shaders left to compile 12
[2018.08.28-22.28.28:790][757]LogShaderCompilers: Display: Shaders left to compile 2
[2018.08.28-22.28.28:790][757]LogStaticMesh: Building static mesh Invader_Ant_L...
[2018.08.28-22.28.28:792][757]LogStaticMesh: Built static mesh [0.03s] /Game/Shmup/Meshes/Invader/Invader_Ant_L.Invader_Ant_L
[2018.08.28-22.28.28:793][757]LogAudioDerivedData: Display: Building compressed audio format OGG wave Invader_Explosion_02...
[2018.08.28-22.28.28:802][757]LogStaticMesh: Building static mesh Ship_Player_Body...
[2018.08.28-22.28.28:822][757]LogStaticMesh: Built static mesh [0.02s] /Game/Shmup/Meshes/Ship_Player/Ship_Player_Body.Ship_Player_Body
[2018.08.28-22.28.28:824][757]LogStaticMesh: Building static mesh Ship_Player_Thruster...
[2018.08.28-22.28.28:827][757]LogStaticMesh: Built static mesh [0.00s] /Game/Shmup/Meshes/Ship_Player/Ship_Player_Thruster.Ship_Player_Thruster
[2018.08.28-22.28.28:829][757]LogStaticMesh: Building static mesh Ship_Player_Window...
[2018.08.28-22.28.28:832][757]LogStaticMesh: Built static mesh [0.00s] /Game/Shmup/Meshes/Ship_Player/Ship_Player_Window.Ship_Player_Window
[2018.08.28-22.28.28:851][757]LogMaterial: Missing cached shader map for material M_Ship_Color, compiling. 
[2018.08.28-22.28.28:863][757]LogMaterial: Missing cached shader map for material M_Ship_Texture, compiling. 
[2018.08.28-22.28.29:043][757]LogShaderCompilers: Display: Shaders left to compile 44
[2018.08.28-22.28.29:043][757]LogAudioDerivedData: Display: Building compressed audio format OGG wave Ship_Laser_shoot_02...
[2018.08.28-22.28.29:069][757]LogAIModule: Creating AISystem for world Level01
[2018.08.28-22.28.29:110][757]LogUObjectGlobals: Destroyed PersistentFrame Addr=0x000001ae0412f900, Size=880
[2018.08.28-22.28.29:110][757]LogUObjectGlobals: Destroyed PersistentFrame Addr=0x000001ae39a248f8, Size=4
[2018.08.28-22.28.29:110][757]LogUObjectGlobals: Destroyed PersistentFrame Addr=0x000001ae7ee56400, Size=1488
[2018.08.28-22.28.29:110][757]LogUObjectGlobals: Destroyed PersistentFrame Addr=0x000001ae7edcb340, Size=96
[2018.08.28-22.28.30:647][757]LogShaderCompilers: Display: Shaders left to compile 34
[2018.08.28-22.28.31:765][757]LogSlate: Window 'Message' being destroyed
[2018.08.28-22.28.31:953][757]Cmd: MAP LOAD FILE="../../../../../../Work/Unreal/ShmupBase/Content/Shmup/Maps/Level01.umap" TEMPLATE=0 SHOWPROGRESS=1 FEATURELEVEL=3
[2018.08.28-22.28.31:957][757]LogSlate: Took 0.000202 seconds to synchronously load lazily loaded font '../../../Engine/Content/Slate/Fonts/Roboto-Light.ttf' (167K)
[2018.08.28-22.28.31:990][757]LightingResults: New page: Lighting Build
[2018.08.28-22.28.31:991][757]LoadErrors: New page: Loading map: Level01.umap
[2018.08.28-22.28.31:992][757]MapCheck: New page: Map Check
[2018.08.28-22.28.31:992][757]LightingResults: New page: Lighting Build
[2018.08.28-22.28.32:130][757]LogShaderCompilers: Display: Shaders left to compile 24
[2018.08.28-22.28.32:131][757]LogEditorServer: Finished looking for orphan Actors (0.000 secs)
[2018.08.28-22.28.32:191][757]Cmd: MAP CHECKDEP NOCLEARLOG
[2018.08.28-22.28.32:259][757]LogShaderCompilers: Display: Shaders left to compile 14
[2018.08.28-22.28.32:260][757]MapCheck: Map check complete: 0 Error(s), 0 Warning(s), took 68.505ms to complete.
[2018.08.28-22.28.32:260][757]LogFileHelpers: Loading map 'Level01' took 3.147
[2018.08.28-22.28.33:789][839]LogShaderCompilers: Display: Shaders left to compile 4
[2018.08.28-22.28.33:917][845]LogTemp: Repeating last play command: Selected Viewport
[2018.08.28-22.28.33:931][845]LogPlayLevel: PlayLevel: No blueprints needed recompiling
[2018.08.28-22.28.33:932][845]PIE: New page: PIE session: Level01 (Aug 28, 2018, 8:28:33 AM)
[2018.08.28-22.28.33:932][845]LogPlayLevel: Creating play world package: /Game/Shmup/Maps/UEDPIE_0_Level01
[2018.08.28-22.28.33:936][845]LogPlayLevel: PIE: StaticDuplicateObject took: (0.004037s)
[2018.08.28-22.28.33:936][845]LogAIModule: Creating AISystem for world Level01
[2018.08.28-22.28.33:937][845]LogPlayLevel: PIE: World Init took: (0.000891s)
[2018.08.28-22.28.33:937][845]LogPlayLevel: PIE: Created PIE world by copying editor world from /Game/Shmup/Maps/Level01.Level01 to /Game/Shmup/Maps/UEDPIE_0_Level01.Level01 (0.005085s)
[2018.08.28-22.28.33:978][845]LogInit: XAudio2 using 'Speakers / Headphones (Realtek Audio)' : 6 channels at 48 kHz using 32 bits per sample (channel mask 0x3f)
[2018.08.28-22.28.34:059][845]LogInit: FAudioDevice initialized.
[2018.08.28-22.28.34:102][845]LogLoad: Game class is 'BP_Shmup_GameMode_C'
[2018.08.28-22.28.34:103][845]LogWorld: Bringing World /Game/Shmup/Maps/UEDPIE_0_Level01.Level01 up for play (max tick rate 60) at 2018.08.28-15.28.34
[2018.08.28-22.28.34:103][845]LogWorld: Bringing up level for play took: 0.000645
[2018.08.28-22.28.34:183][845]PIE: Play in editor start time for /Game/Shmup/Maps/UEDPIE_0_Level01 0.159
[2018.08.28-22.28.56:157][143]LogSlate: FSceneViewport::OnFocusLost() reason 0
[2018.08.28-22.29.05:254][647]LogContentBrowser: Native class hierarchy updated for 'BlueprintGraph' in 0.0006 seconds. Added 116 classes and 0 folders.
[2018.08.28-22.29.05:542][647]LogUObjectGlobals: Created PersistentFrame Addr=0x000001ae8e0fd828, Size=4, Default__SKEL_PROTO_BP_AnimBlueprint_0_C Function /Engine/Transient.SKEL_PROTO_BP_AnimBlueprint_0_C:ExecuteUbergraph_PROTO_BP_AnimBlueprint_0
[2018.08.28-22.29.05:542][647]LogUObjectGlobals: Created PersistentFrame Addr=0x000001ae8e0fd820, Size=4, Default__PROTO_BP_AnimBlueprint_0_C Function /Engine/Transient.PROTO_BP_AnimBlueprint_0_C:ExecuteUbergraph_PROTO_BP_AnimBlueprint_0
[2018.08.28-22.29.05:957][647]LogSlate: Took 0.000166 seconds to synchronously load lazily loaded font '../../../Engine/Content/Slate/Fonts/Roboto-BoldCondensed.ttf' (158K)
[2018.08.28-22.29.06:122][648]LogSlate: Took 0.000217 seconds to synchronously load lazily loaded font '../../../Engine/Content/Slate/Fonts/Roboto-Italic.ttf' (157K)
[2018.08.28-22.29.30:289][ 78]LogTemp: Repeating last play command: Selected Viewport
[2018.08.28-22.29.30:308][ 78]LogPlayLevel: PlayLevel: No blueprints needed recompiling
[2018.08.28-22.29.30:308][ 78]PIE: New page: PIE session: Level01 (Aug 28, 2018, 8:29:30 AM)
[2018.08.28-22.29.30:308][ 78]LogPlayLevel: Creating play world package: /Game/Shmup/Maps/UEDPIE_0_Level01
[2018.08.28-22.29.30:310][ 78]LogPlayLevel: PIE: StaticDuplicateObject took: (0.001963s)
[2018.08.28-22.29.30:311][ 78]LogAIModule: Creating AISystem for world Level01
[2018.08.28-22.29.30:312][ 78]LogPlayLevel: PIE: World Init took: (0.001500s)
[2018.08.28-22.29.30:312][ 78]LogPlayLevel: PIE: Created PIE world by copying editor world from /Game/Shmup/Maps/Level01.Level01 to /Game/Shmup/Maps/UEDPIE_0_Level01.Level01 (0.003658s)
[2018.08.28-22.29.30:403][ 78]LogInit: XAudio2 using 'Speakers / Headphones (Realtek Audio)' : 6 channels at 48 kHz using 32 bits per sample (channel mask 0x3f)
[2018.08.28-22.29.30:476][ 78]LogInit: FAudioDevice initialized.
[2018.08.28-22.29.30:520][ 78]LogLoad: Game class is 'BP_Shmup_GameMode_C'
[2018.08.28-22.29.30:521][ 78]LogWorld: Bringing World /Game/Shmup/Maps/UEDPIE_0_Level01.Level01 up for play (max tick rate 60) at 2018.08.28-15.29.30
[2018.08.28-22.29.30:521][ 78]LogWorld: Bringing up level for play took: 0.000662
[2018.08.28-22.29.30:523][ 78]PIE: Play in editor start time for /Game/Shmup/Maps/UEDPIE_0_Level01 0.499
[2018.08.28-22.29.35:742][338]LogSlate: Window 'BP_Ship_Pawn' being destroyed
[2018.08.28-22.29.37:225][427]LogTemp: Repeating last play command: Selected Viewport
[2018.08.28-22.29.37:234][427]LogPlayLevel: PlayLevel: No blueprints needed recompiling
[2018.08.28-22.29.37:235][427]PIE: New page: PIE session: Level01 (Aug 28, 2018, 8:29:37 AM)
[2018.08.28-22.29.37:235][427]LogPlayLevel: Creating play world package: /Game/Shmup/Maps/UEDPIE_0_Level01
[2018.08.28-22.29.37:236][427]LogPlayLevel: PIE: StaticDuplicateObject took: (0.001781s)
[2018.08.28-22.29.37:237][427]LogAIModule: Creating AISystem for world Level01
[2018.08.28-22.29.37:237][427]LogPlayLevel: PIE: World Init took: (0.000907s)
[2018.08.28-22.29.37:238][427]LogPlayLevel: PIE: Created PIE world by copying editor world from /Game/Shmup/Maps/Level01.Level01 to /Game/Shmup/Maps/UEDPIE_0_Level01.Level01 (0.002893s)
[2018.08.28-22.29.37:277][427]LogInit: XAudio2 using 'Speakers / Headphones (Realtek Audio)' : 6 channels at 48 kHz using 32 bits per sample (channel mask 0x3f)
[2018.08.28-22.29.37:347][427]LogInit: FAudioDevice initialized.
[2018.08.28-22.29.37:384][427]LogLoad: Game class is 'BP_Shmup_GameMode_C'
[2018.08.28-22.29.37:386][427]LogWorld: Bringing World /Game/Shmup/Maps/UEDPIE_0_Level01.Level01 up for play (max tick rate 60) at 2018.08.28-15.29.37
[2018.08.28-22.29.37:386][427]LogWorld: Bringing up level for play took: 0.000594
[2018.08.28-22.29.37:387][427]PIE: Play in editor start time for /Game/Shmup/Maps/UEDPIE_0_Level01 -0.637
[2018.08.28-22.30.16:985][735]LogRenderer: Reallocating scene render targets to support 880x548 Format 10 NumSamples 1 (Frame:1).
[2018.08.28-22.30.47:426][555]LogTemp: Repeating last play command: Selected Viewport
[2018.08.28-22.30.47:439][555]LogPlayLevel: PlayLevel: No blueprints needed recompiling
[2018.08.28-22.30.47:440][555]PIE: New page: PIE session: Level01 (Aug 28, 2018, 8:30:47 AM)
[2018.08.28-22.30.47:440][555]LogPlayLevel: Creating play world package: /Game/Shmup/Maps/UEDPIE_0_Level01
[2018.08.28-22.30.47:441][555]LogPlayLevel: PIE: StaticDuplicateObject took: (0.001819s)
[2018.08.28-22.30.47:442][555]LogAIModule: Creating AISystem for world Level01
[2018.08.28-22.30.47:443][555]LogPlayLevel: PIE: World Init took: (0.001215s)
[2018.08.28-22.30.47:443][555]LogPlayLevel: PIE: Created PIE world by copying editor world from /Game/Shmup/Maps/Level01.Level01 to /Game/Shmup/Maps/UEDPIE_0_Level01.Level01 (0.003232s)
[2018.08.28-22.30.47:484][555]LogInit: XAudio2 using 'Speakers / Headphones (Realtek Audio)' : 6 channels at 48 kHz using 32 bits per sample (channel mask 0x3f)
[2018.08.28-22.30.47:556][555]LogInit: FAudioDevice initialized.
[2018.08.28-22.30.47:951][555]LogLoad: Game class is 'BP_Shmup_GameMode_C'
[2018.08.28-22.30.47:952][555]LogWorld: Bringing World /Game/Shmup/Maps/UEDPIE_0_Level01.Level01 up for play (max tick rate 60) at 2018.08.28-15.30.47
[2018.08.28-22.30.47:952][555]LogWorld: Bringing up level for play took: 0.000507
[2018.08.28-22.30.47:957][555]PIE: Play in editor start time for /Game/Shmup/Maps/UEDPIE_0_Level01 -0.067
[2018.08.28-22.30.48:023][555]LogRenderer: Reallocating scene render targets to support 1024x576 Format 10 NumSamples 1 (Frame:1).
[2018.08.28-22.30.52:093][791]LogSlate: Window 'ShmupBase Game Preview Standalone (64-bit/PCD3D_SM5)' being destroyed
[2018.08.28-22.32.21:353][ 85]LogTemp: Repeating last play command: Selected Viewport
[2018.08.28-22.32.21:368][ 85]LogPlayLevel: PlayLevel: No blueprints needed recompiling
[2018.08.28-22.32.21:369][ 85]PIE: New page: PIE session: Level01 (Aug 28, 2018, 8:32:21 AM)
[2018.08.28-22.32.21:369][ 85]LogPlayLevel: Creating play world package: /Game/Shmup/Maps/UEDPIE_0_Level01
[2018.08.28-22.32.21:371][ 85]LogPlayLevel: PIE: StaticDuplicateObject took: (0.001918s)
[2018.08.28-22.32.21:372][ 85]LogAIModule: Creating AISystem for world Level01
[2018.08.28-22.32.21:372][ 85]LogPlayLevel: PIE: World Init took: (0.001296s)
[2018.08.28-22.32.21:372][ 85]LogPlayLevel: PIE: Created PIE world by copying editor world from /Game/Shmup/Maps/Level01.Level01 to /Game/Shmup/Maps/UEDPIE_0_Level01.Level01 (0.003367s)
[2018.08.28-22.32.21:411][ 85]LogInit: XAudio2 using 'Speakers / Headphones (Realtek Audio)' : 6 channels at 48 kHz using 32 bits per sample (channel mask 0x3f)
[2018.08.28-22.32.21:485][ 85]LogInit: FAudioDevice initialized.
[2018.08.28-22.32.21:623][ 85]LogLoad: Game class is 'BP_Shmup_GameMode_C'
[2018.08.28-22.32.21:626][ 85]LogWorld: Bringing World /Game/Shmup/Maps/UEDPIE_0_Level01.Level01 up for play (max tick rate 60) at 2018.08.28-15.32.21
[2018.08.28-22.32.21:626][ 85]LogWorld: Bringing up level for play took: 0.001087
[2018.08.28-22.32.21:633][ 85]PIE: Play in editor start time for /Game/Shmup/Maps/UEDPIE_0_Level01 -0.391
[2018.08.28-22.32.28:020][289]LogRenderer: Reallocating scene render targets to support 1024x800 Format 10 NumSamples 1 (Frame:200).
[2018.08.28-22.33.06:721][573]LogSlate: Window 'ShmupBase Game Preview Standalone (64-bit/PCD3D_SM5)' being destroyed
[2018.08.28-22.33.48:151][810]LogSlate: FSceneViewport::OnFocusLost() reason 0
[2018.08.28-22.33.56:895][319]LogSlate: FSceneViewport::OnFocusLost() reason 0
[2018.08.28-22.34.09:803][ 91]LogSlate: FSceneViewport::OnFocusLost() reason 0
[2018.08.28-22.35.11:603][706]LogEditorViewport: Clicking on Actor (LMB): PlayerStart (Player Start)
[2018.08.28-22.35.13:348][809]LogSlate: FSceneViewport::OnFocusLost() reason 0
[2018.08.28-22.35.17:441][ 50]LogNavigationPoint: PostEditMove Clear paths rebuilt
[2018.08.28-22.35.18:243][ 94]Cmd: TRANSACTION UNDO
[2018.08.28-22.35.18:243][ 94]LogEditorTransaction: Undo Move Actors
[2018.08.28-22.35.21:770][300]LogSlate: FSceneViewport::OnFocusLost() reason 0
[2018.08.28-22.35.31:443][880]LogTemp: Repeating last play command: Selected Viewport
[2018.08.28-22.35.31:459][880]LogPlayLevel: PlayLevel: No blueprints needed recompiling
[2018.08.28-22.35.31:459][880]PIE: New page: PIE session: Level01 (Aug 28, 2018, 8:35:31 AM)
[2018.08.28-22.35.31:459][880]LogPlayLevel: Creating play world package: /Game/Shmup/Maps/UEDPIE_0_Level01
[2018.08.28-22.35.31:461][880]LogPlayLevel: PIE: StaticDuplicateObject took: (0.001676s)
[2018.08.28-22.35.31:462][880]LogAIModule: Creating AISystem for world Level01
[2018.08.28-22.35.31:462][880]LogPlayLevel: PIE: World Init took: (0.001146s)
[2018.08.28-22.35.31:462][880]LogPlayLevel: PIE: Created PIE world by copying editor world from /Game/Shmup/Maps/Level01.Level01 to /Game/Shmup/Maps/UEDPIE_0_Level01.Level01 (0.003021s)
[2018.08.28-22.35.31:503][880]LogInit: XAudio2 using 'Speakers / Headphones (Realtek Audio)' : 6 channels at 48 kHz using 32 bits per sample (channel mask 0x3f)
[2018.08.28-22.35.31:577][880]LogInit: FAudioDevice initialized.
[2018.08.28-22.35.31:615][880]LogLoad: Game class is 'BP_Shmup_GameMode_C'
[2018.08.28-22.35.31:616][880]LogWorld: Bringing World /Game/Shmup/Maps/UEDPIE_0_Level01.Level01 up for play (max tick rate 60) at 2018.08.28-15.35.31
[2018.08.28-22.35.31:616][880]LogWorld: Bringing up level for play took: 0.000482
[2018.08.28-22.35.31:618][880]PIE: Play in editor start time for /Game/Shmup/Maps/UEDPIE_0_Level01 -0.406
[2018.08.28-22.35.53:004][155]LogSlate: FSceneViewport::OnFocusLost() reason 0
[2018.08.28-22.41.18:577][446]LogFileHelpers: Editor autosave (incl. sublevels) for '/Game/Shmup/Maps/Level01' took 0.025
[2018.08.28-22.41.18:614][446]OBJ SavePackage: Generating thumbnails for [1] asset(s) in package [/Game/Shmup/Blueprints/BP_Invader] ([1] browsable assets)...
[2018.08.28-22.41.18:642][446]OBJ SavePackage:     Rendered thumbnail for [Blueprint /Game/Shmup/Blueprints/BP_Invader.BP_Invader]
[2018.08.28-22.41.18:642][446]OBJ SavePackage: Finished generating thumbnails for package [/Game/Shmup/Blueprints/BP_Invader]
[2018.08.28-22.41.18:642][446]Cmd: OBJ SAVEPACKAGE PACKAGE="/Game/Shmup/Blueprints/BP_Invader" FILE="../../../../../../Work/Unreal/ShmupBase/Saved/Autosaves/Game/Shmup/Blueprints/BP_Invader_Auto1.uasset" SILENT=false AUTOSAVING=true
[2018.08.28-22.41.18:807][446]LogSavePackage: Save=133.04ms
[2018.08.28-22.41.18:807][446]LogSavePackage: Moving '../../../../../../Work/Unreal/ShmupBase/Saved/BP_Invader_Auto129FACE5E4A4EF289A39978B522DD5257.tmp' to '../../../../../../Work/Unreal/ShmupBase/Saved/Autosaves/Game/Shmup/Blueprints/BP_Invader_Auto1.uasset'
[2018.08.28-22.41.18:818][446]LogSavePackage: Display: Finished SavePackage ../../../../../../Work/Unreal/ShmupBase/Saved/Autosaves/Game/Shmup/Blueprints/BP_Invader_Auto1.uasset
[2018.08.28-22.41.18:818][446]LogFileHelpers: Auto-saving content packages took 0.241
[2018.08.28-22.47.31:909][290]LogSlate: Window 'Pick Parent Class' being destroyed
[2018.08.28-22.47.56:904][706]LogSlate: FSceneViewport::OnFocusLost() reason 0
[2018.08.28-22.49.57:515][184]LogSlate: Window 'FBX Export Options' being destroyed
[2018.08.28-22.49.57:589][184]LogFbx: Warning: FBX version number for this version of the FBX SDK is 7.5.0


[2018.08.28-22.50.00:295][184]LogSlate: Window 'FBX Export Options' being destroyed
[2018.08.28-22.50.00:308][184]LogFbx: Warning: FBX version number for this version of the FBX SDK is 7.5.0


[2018.08.28-22.50.02:889][184]LogSlate: Window 'FBX Export Options' being destroyed
[2018.08.28-22.50.02:903][184]LogFbx: Warning: FBX version number for this version of the FBX SDK is 7.5.0


[2018.08.28-22.50.05:034][184]LogSlate: Window 'FBX Export Options' being destroyed
[2018.08.28-22.50.05:048][184]LogFbx: Warning: FBX version number for this version of the FBX SDK is 7.5.0


[2018.08.28-22.50.07:148][184]LogSlate: Window 'FBX Export Options' being destroyed
[2018.08.28-22.50.07:161][184]LogFbx: Warning: FBX version number for this version of the FBX SDK is 7.5.0


[2018.08.28-22.50.09:092][184]LogSlate: Window 'FBX Export Options' being destroyed
[2018.08.28-22.50.09:105][184]LogFbx: Warning: FBX version number for this version of the FBX SDK is 7.5.0


[2018.08.28-22.50.11:280][184]LogSlate: Window 'FBX Export Options' being destroyed
[2018.08.28-22.50.11:293][184]LogFbx: Warning: FBX version number for this version of the FBX SDK is 7.5.0


[2018.08.28-22.51.54:492][ 82]LogSlate: Window 'FBX Export Options' being destroyed
[2018.08.28-22.51.54:512][ 82]LogFbx: Warning: FBX version number for this version of the FBX SDK is 7.5.0


[2018.08.28-22.51.56:741][ 82]LogSlate: Window 'FBX Export Options' being destroyed
[2018.08.28-22.51.56:754][ 82]LogFbx: Warning: FBX version number for this version of the FBX SDK is 7.5.0


[2018.08.28-22.51.59:377][ 82]LogSlate: Window 'FBX Export Options' being destroyed
[2018.08.28-22.51.59:391][ 82]LogFbx: Warning: FBX version number for this version of the FBX SDK is 7.5.0


[2018.08.28-22.52.05:726][373]LogFileHelpers: Editor autosave (incl. sublevels) for '/Game/Shmup/Maps/Level01' took 0.065
[2018.08.28-23.02.06:381][304]LogFileHelpers: Editor autosave (incl. sublevels) for '/Game/Shmup/Maps/Level01' took 0.026
[2018.08.28-23.05.52:182][344]LogSlate: Window 'Pick Parent Class' being destroyed
[2018.08.28-23.12.25:125][654]LogFileHelpers: Editor autosave (incl. sublevels) for '/Game/Shmup/Maps/Level01' took 0.027
