Log file open, 09/03/19 19:06:53
LogWindows: Failed to load 'aqProf.dll' (GetLastError=126)
LogWindows: File 'aqProf.dll' does not exist
LogWindows: Failed to load 'VtuneApi.dll' (GetLastError=126)
LogWindows: File 'VtuneApi.dll' does not exist
LogWindows: Failed to load 'VtuneApi32e.dll' (GetLastError=126)
LogWindows: File 'VtuneApi32e.dll' does not exist
LogConsoleResponse: Display: Failed to find resolution value strings in scalability ini. Falling back to default.
LogInit: Display: Running engine for game: ShmupBase
LogPakFile: Registered encryption key '00000000000000000000000000000000': 0 pak files mounted, 0 remain pending
LogPlatformFile: Not using cached read wrapper
LogTaskGraph: Started task graph with 5 named threads and 23 total threads with 3 sets of task threads.
LogStats: Stats thread started at 0.326884
LogD3D11RHI: Loaded GFSDK_Aftermath_Lib.x64.dll
LogICUInternationalization: ICU TimeZone Detection - Raw Offset: -8:00, Platform Override: ''
LogPluginManager: Mounting plugin Paper2D
LogPluginManager: Mounting plugin AISupport
LogPluginManager: Mounting plugin LightPropagationVolume
LogPluginManager: Mounting plugin ActorLayerUtilities
LogPluginManager: Mounting plugin AnimationSharing
LogPluginManager: Mounting plugin CLionSourceCodeAccess
LogPluginManager: Mounting plugin CodeLiteSourceCodeAccess
LogPluginManager: Mounting plugin GitSourceControl
LogPluginManager: Mounting plugin KDevelopSourceCodeAccess
LogPluginManager: Mounting plugin NullSourceCodeAccess
LogPluginManager: Mounting plugin PerforceSourceControl
LogPluginManager: Mounting plugin SubversionSourceControl
LogPluginManager: Mounting plugin UObjectPlugin
LogPluginManager: Mounting plugin VisualStudioCodeSourceCodeAccess
LogPluginManager: Mounting plugin VisualStudioSourceCodeAccess
LogPluginManager: Mounting plugin XCodeSourceCodeAccess
LogPluginManager: Mounting plugin AssetManagerEditor
LogPluginManager: Mounting plugin CryptoKeys
LogPluginManager: Mounting plugin DataValidation
LogPluginManager: Mounting plugin FacialAnimation
LogPluginManager: Mounting plugin GameplayTagsEditor
LogPluginManager: Mounting plugin MacGraphicsSwitching
LogPluginManager: Mounting plugin MaterialAnalyzer
LogPluginManager: Mounting plugin MobileLauncherProfileWizard
LogPluginManager: Mounting plugin PluginBrowser
LogPluginManager: Mounting plugin SpeedTreeImporter
LogPluginManager: Mounting plugin DatasmithContent
LogPluginManager: Mounting plugin VariantManagerContent
LogPluginManager: Mounting plugin AlembicImporter
LogPluginManager: Mounting plugin AppleImageUtils
LogPluginManager: Mounting plugin AppleVision
LogPluginManager: Mounting plugin BackChannel
LogPluginManager: Mounting plugin CharacterAI
LogPluginManager: Mounting plugin GeometryCache
LogPluginManager: Mounting plugin HTML5Networking
LogPluginManager: Mounting plugin ProxyLODPlugin
LogPluginManager: Mounting plugin SkeletalReduction
LogPluginManager: Mounting plugin MagicLeap
LogPluginManager: Mounting plugin MagicLeapMedia
LogPluginManager: Mounting plugin AndroidMedia
LogPluginManager: Mounting plugin AvfMedia
LogPluginManager: Mounting plugin ImgMedia
LogPluginManager: Mounting plugin LinearTimecode
LogPluginManager: Mounting plugin MediaCompositing
LogPluginManager: Mounting plugin MediaPlayerEditor
LogPluginManager: Mounting plugin WebMMedia
LogPluginManager: Mounting plugin WmfMedia
LogPluginManager: Mounting plugin TcpMessaging
LogPluginManager: Mounting plugin UdpMessaging
LogPluginManager: Mounting plugin ActorSequence
LogPluginManager: Mounting plugin LevelSequenceEditor
LogPluginManager: Mounting plugin MatineeToLevelSequence
LogPluginManager: Mounting plugin NetcodeUnitTest
LogPluginManager: Mounting plugin NUTUnrealEngine4
LogPluginManager: Mounting plugin OnlineSubsystemGooglePlay
LogPluginManager: Mounting plugin OnlineSubsystemIOS
LogPluginManager: Mounting plugin OnlineSubsystem
LogPluginManager: Mounting plugin OnlineSubsystemNull
LogPluginManager: Mounting plugin OnlineSubsystemUtils
LogPluginManager: Mounting plugin LauncherChunkInstaller
LogPluginManager: Mounting plugin AndroidDeviceProfileSelector
LogPluginManager: Mounting plugin AndroidMoviePlayer
LogPluginManager: Mounting plugin AndroidPermission
LogPluginManager: Mounting plugin AppleMoviePlayer
LogPluginManager: Mounting plugin ArchVisCharacter
LogPluginManager: Mounting plugin AudioCapture
LogPluginManager: Mounting plugin CableComponent
LogPluginManager: Mounting plugin CustomMeshComponent
LogPluginManager: Mounting plugin EditableMesh
LogPluginManager: Mounting plugin ExampleDeviceProfileSelector
LogPluginManager: Mounting plugin Firebase
LogPluginManager: Mounting plugin GoogleCloudMessaging
LogPluginManager: Mounting plugin IOSDeviceProfileSelector
LogPluginManager: Mounting plugin LinuxDeviceProfileSelector
LogPluginManager: Mounting plugin LocationServicesBPLibrary
LogPluginManager: Mounting plugin MobilePatchingUtils
LogPluginManager: Mounting plugin OculusVR
LogPluginManager: Mounting plugin PhysXVehicles
LogPluginManager: Mounting plugin ProceduralMeshComponent
LogPluginManager: Mounting plugin RuntimePhysXCooking
LogPluginManager: Mounting plugin SignificanceManager
LogPluginManager: Mounting plugin SteamVR
LogPluginManager: Mounting plugin WebMMoviePlayer
LogPluginManager: Mounting plugin WindowsMoviePlayer
LogInit: Using libcurl 7.55.1-DEV
LogInit:  - built for x86_64-pc-win32
LogInit:  - supports SSL with OpenSSL/1.1.1
LogInit:  - supports HTTP deflate (compression) using libz 1.2.8
LogInit:  - other features:
LogInit:      CURL_VERSION_SSL
LogInit:      CURL_VERSION_LIBZ
LogInit:      CURL_VERSION_IPV6
LogInit:      CURL_VERSION_ASYNCHDNS
LogInit:      CURL_VERSION_LARGEFILE
LogInit:      CURL_VERSION_IDN
LogInit:  CurlRequestOptions (configurable via config and command line):
LogInit:  - bVerifyPeer = true  - Libcurl will verify peer certificate
LogInit:  - bUseHttpProxy = false  - Libcurl will NOT use HTTP proxy
LogInit:  - bDontReuseConnections = false  - Libcurl will reuse connections
LogInit:  - MaxHostConnections = 16  - Libcurl will limit the number of connections to a host
LogInit:  - LocalHostAddr = Default
LogInit:  - BufferSize = 65536
LogInit: WinSock: version 1.1 (2.2), MaxSocks=32767, MaxUdp=65467
LogInit: Build: ++UE4+Release-4.22-CL-7053642
LogInit: Engine Version: 4.22.3-7053642+++UE4+Release-4.22
LogInit: Compatible Engine Version: 4.22.0-5660361+++UE4+Release-4.22
LogInit: Net CL: 5660361
LogInit: OS: Windows 10 (Release 1803) (), CPU: Intel(R) Core(TM) i7-7700HQ CPU @ 2.80GHz, GPU: Intel(R) HD Graphics 630
LogInit: Compiled (64-bit): Jun 18 2019 03:09:11
LogInit: Compiled with Visual C++: 19.16.27025.01
LogInit: Build Configuration: Development
LogInit: Branch Name: ++UE4+Release-4.22
LogInit: Command Line: 
LogInit: Base Directory: D:/Program Files/Epic Games/UE_4.22/Engine/Binaries/Win64/
LogInit: Installed Engine Build: 1
LogDevObjectVersion: Number of dev versions registered: 23
LogDevObjectVersion:   Dev-Blueprints (B0D832E4-1F89-4F0D-ACCF-7EB736FD4AA2): 10
LogDevObjectVersion:   Dev-Build (E1C64328-A22C-4D53-A36C-8E866417BD8C): 0
LogDevObjectVersion:   Dev-Core (375EC13C-06E4-48FB-B500-84F0262A717E): 3
LogDevObjectVersion:   Dev-Editor (E4B068ED-F494-42E9-A231-DA0B2E46BB41): 30
LogDevObjectVersion:   Dev-Framework (CFFC743F-43B0-4480-9391-14DF171D2073): 35
LogDevObjectVersion:   Dev-Mobile (B02B49B5-BB20-44E9-A304-32B752E40360): 2
LogDevObjectVersion:   Dev-Networking (A4E4105C-59A1-49B5-A7C5-40C4547EDFEE): 0
LogDevObjectVersion:   Dev-Online (39C831C9-5AE6-47DC-9A44-9C173E1C8E7C): 0
LogDevObjectVersion:   Dev-Physics (78F01B33-EBEA-4F98-B9B4-84EACCB95AA2): 0
LogDevObjectVersion:   Dev-Platform (6631380F-2D4D-43E0-8009-CF276956A95A): 0
LogDevObjectVersion:   Dev-Rendering (12F88B9F-8875-4AFC-A67C-D90C383ABD29): 28
LogDevObjectVersion:   Dev-Sequencer (7B5AE74C-D270-4C10-A958-57980B212A5A): 11
LogDevObjectVersion:   Dev-VR (D7296918-1DD6-4BDD-9DE2-64A83CC13884): 2
LogDevObjectVersion:   Dev-LoadTimes (C2A15278-BFE7-4AFE-6C17-90FF531DF755): 1
LogDevObjectVersion:   Private-Geometry (6EACA3D4-40EC-4CC1-B786-8BED09428FC5): 3
LogDevObjectVersion:   Dev-AnimPhys (29E575DD-E0A3-4627-9D10-D276232CDCEA): 17
LogDevObjectVersion:   Dev-Anim (AF43A65D-7FD3-4947-9873-3E8ED9C1BB05): 2
LogDevObjectVersion:   Dev-ReflectionCapture (6B266CEC-1EC7-4B8F-A30B-E4D90942FC07): 1
LogDevObjectVersion:   Dev-Automation (0DF73D61-A23F-47EA-B727-89E90C41499A): 1
LogDevObjectVersion:   FortniteMain (601D1886-AC64-4F84-AA16-D3DE0DEAC7D6): 25
LogDevObjectVersion:   Dev-Enterprise (9DFFBCD6-494F-0158-E221-12823C92A888): 6
LogDevObjectVersion:   Dev-Niagara (F2AED0AC-9AFE-416F-8664-AA7FFA26D6FC): 1
LogDevObjectVersion:   Dev-Destruction (174F1F0B-B4C6-45A5-B13F-2EE8D0FB917D): 2
LogInit: Presizing for max 16777216 objects, including 0 objects not considered by GC, pre-allocating 0 bytes for permanent pool.
LogInit: Object subsystem initialized
LogConfig: Setting CVar [[con.DebugEarlyDefault:1]]
LogConfig: Setting CVar [[r.setres:1280x720]]
[2019.09.04-02.06.53:714][  0]LogConfig: Setting CVar [[r.VSync:0]]
[2019.09.04-02.06.53:714][  0]LogConfig: Setting CVar [[r.RHICmdBypass:0]]
[2019.09.04-02.06.53:714][  0]LogConfig: Applying CVar settings from Section [/Script/Engine.RendererSettings] File [D:/Work/Unreal/ShmupBase/Saved/Config/Windows/Engine.ini]
[2019.09.04-02.06.53:714][  0]LogConfig: Setting CVar [[r.GPUCrashDebugging:0]]
[2019.09.04-02.06.53:714][  0]LogConfig: Applying CVar settings from Section [/Script/Engine.RendererOverrideSettings] File [D:/Work/Unreal/ShmupBase/Saved/Config/Windows/Engine.ini]
[2019.09.04-02.06.53:714][  0]LogConfig: Applying CVar settings from Section [/Script/Engine.StreamingSettings] File [D:/Work/Unreal/ShmupBase/Saved/Config/Windows/Engine.ini]
[2019.09.04-02.06.53:714][  0]LogConfig: Setting CVar [[s.MinBulkDataSizeForAsyncLoading:131072]]
[2019.09.04-02.06.53:714][  0]LogConfig: Setting CVar [[s.AsyncLoadingThreadEnabled:0]]
[2019.09.04-02.06.53:715][  0]LogConfig: Setting CVar [[s.EventDrivenLoaderEnabled:1]]
[2019.09.04-02.06.53:715][  0]LogConfig: Setting CVar [[s.WarnIfTimeLimitExceeded:0]]
[2019.09.04-02.06.53:715][  0]LogConfig: Setting CVar [[s.TimeLimitExceededMultiplier:1.5]]
[2019.09.04-02.06.53:715][  0]LogConfig: Setting CVar [[s.TimeLimitExceededMinTime:0.005]]
[2019.09.04-02.06.53:715][  0]LogConfig: Setting CVar [[s.UseBackgroundLevelStreaming:1]]
[2019.09.04-02.06.53:715][  0]LogConfig: Setting CVar [[s.PriorityAsyncLoadingExtraTime:15.0]]
[2019.09.04-02.06.53:715][  0]LogConfig: Setting CVar [[s.LevelStreamingActorsUpdateTimeLimit:5.0]]
[2019.09.04-02.06.53:715][  0]LogConfig: Setting CVar [[s.PriorityLevelStreamingActorsUpdateExtraTime:5.0]]
[2019.09.04-02.06.53:715][  0]LogConfig: Setting CVar [[s.LevelStreamingComponentsRegistrationGranularity:10]]
[2019.09.04-02.06.53:715][  0]LogConfig: Setting CVar [[s.UnregisterComponentsTimeLimit:1.0]]
[2019.09.04-02.06.53:715][  0]LogConfig: Setting CVar [[s.LevelStreamingComponentsUnregistrationGranularity:5]]
[2019.09.04-02.06.53:715][  0]LogConfig: Applying CVar settings from Section [/Script/Engine.GarbageCollectionSettings] File [D:/Work/Unreal/ShmupBase/Saved/Config/Windows/Engine.ini]
[2019.09.04-02.06.53:715][  0]LogConfig: Setting CVar [[gc.MaxObjectsNotConsideredByGC:1]]
[2019.09.04-02.06.53:715][  0]LogConfig: Setting CVar [[gc.SizeOfPermanentObjectPool:0]]
[2019.09.04-02.06.53:715][  0]LogConfig: Setting CVar [[gc.FlushStreamingOnGC:0]]
[2019.09.04-02.06.53:715][  0]LogConfig: Setting CVar [[gc.NumRetriesBeforeForcingGC:10]]
[2019.09.04-02.06.53:715][  0]LogConfig: Setting CVar [[gc.AllowParallelGC:1]]
[2019.09.04-02.06.53:715][  0]LogConfig: Setting CVar [[gc.TimeBetweenPurgingPendingKillObjects:61.1]]
[2019.09.04-02.06.53:715][  0]LogConfig: Setting CVar [[gc.MaxObjectsInEditor:16777216]]
[2019.09.04-02.06.53:715][  0]LogConfig: Setting CVar [[gc.IncrementalBeginDestroyEnabled:1]]
[2019.09.04-02.06.53:715][  0]LogConfig: Setting CVar [[gc.CreateGCClusters:1]]
[2019.09.04-02.06.53:715][  0]LogConfig: Setting CVar [[gc.MinGCClusterSize:5]]
[2019.09.04-02.06.53:715][  0]LogConfig: Setting CVar [[gc.ActorClusteringEnabled:0]]
[2019.09.04-02.06.53:715][  0]LogConfig: Setting CVar [[gc.BlueprintClusteringEnabled:0]]
[2019.09.04-02.06.53:715][  0]LogConfig: Setting CVar [[gc.UseDisregardForGCOnDedicatedServers:0]]
[2019.09.04-02.06.53:715][  0]LogConfig: Applying CVar settings from Section [/Script/Engine.NetworkSettings] File [D:/Work/Unreal/ShmupBase/Saved/Config/Windows/Engine.ini]
[2019.09.04-02.06.53:715][  0]LogConfig: Applying CVar settings from Section [/Script/UnrealEd.CookerSettings] File [D:/Work/Unreal/ShmupBase/Saved/Config/Windows/Engine.ini]
[2019.09.04-02.06.53:718][  0]LogConfig: Applying CVar settings from Section [ViewDistanceQuality@3] File [D:/Work/Unreal/ShmupBase/Saved/Config/Windows/Scalability.ini]
[2019.09.04-02.06.53:719][  0]LogConfig: Setting CVar [[r.SkeletalMeshLODBias:0]]
[2019.09.04-02.06.53:719][  0]LogConfig: Setting CVar [[r.ViewDistanceScale:1.0]]
[2019.09.04-02.06.53:719][  0]LogConfig: Applying CVar settings from Section [AntiAliasingQuality@3] File [D:/Work/Unreal/ShmupBase/Saved/Config/Windows/Scalability.ini]
[2019.09.04-02.06.53:719][  0]LogConfig: Setting CVar [[r.PostProcessAAQuality:4]]
[2019.09.04-02.06.53:719][  0]LogConfig: Applying CVar settings from Section [ShadowQuality@3] File [D:/Work/Unreal/ShmupBase/Saved/Config/Windows/Scalability.ini]
[2019.09.04-02.06.53:719][  0]LogConfig: Setting CVar [[r.LightFunctionQuality:1]]
[2019.09.04-02.06.53:719][  0]LogConfig: Setting CVar [[r.ShadowQuality:5]]
[2019.09.04-02.06.53:719][  0]LogConfig: Setting CVar [[r.Shadow.CSM.MaxCascades:10]]
[2019.09.04-02.06.53:719][  0]LogConfig: Setting CVar [[r.Shadow.MaxResolution:2048]]
[2019.09.04-02.06.53:719][  0]LogConfig: Setting CVar [[r.Shadow.MaxCSMResolution:2048]]
[2019.09.04-02.06.53:719][  0]LogConfig: Setting CVar [[r.Shadow.RadiusThreshold:0.01]]
[2019.09.04-02.06.53:719][  0]LogConfig: Setting CVar [[r.Shadow.DistanceScale:1.0]]
[2019.09.04-02.06.53:719][  0]LogConfig: Setting CVar [[r.Shadow.CSM.TransitionScale:1.0]]
[2019.09.04-02.06.53:719][  0]LogConfig: Setting CVar [[r.Shadow.PreShadowResolutionFactor:1.0]]
[2019.09.04-02.06.53:719][  0]LogConfig: Setting CVar [[r.DistanceFieldShadowing:1]]
[2019.09.04-02.06.53:719][  0]LogConfig: Setting CVar [[r.DistanceFieldAO:1]]
[2019.09.04-02.06.53:719][  0]LogConfig: Setting CVar [[r.AOQuality:2]]
[2019.09.04-02.06.53:719][  0]LogConfig: Setting CVar [[r.VolumetricFog:1]]
[2019.09.04-02.06.53:719][  0]LogConfig: Setting CVar [[r.VolumetricFog.GridPixelSize:8]]
[2019.09.04-02.06.53:719][  0]LogConfig: Setting CVar [[r.VolumetricFog.GridSizeZ:128]]
[2019.09.04-02.06.53:719][  0]LogConfig: Setting CVar [[r.VolumetricFog.HistoryMissSupersampleCount:4]]
[2019.09.04-02.06.53:719][  0]LogConfig: Setting CVar [[r.LightMaxDrawDistanceScale:1]]
[2019.09.04-02.06.53:719][  0]LogConfig: Setting CVar [[r.CapsuleShadows:1]]
[2019.09.04-02.06.53:719][  0]LogConfig: Applying CVar settings from Section [PostProcessQuality@3] File [D:/Work/Unreal/ShmupBase/Saved/Config/Windows/Scalability.ini]
[2019.09.04-02.06.53:719][  0]LogConfig: Setting CVar [[r.MotionBlurQuality:4]]
[2019.09.04-02.06.53:719][  0]LogConfig: Setting CVar [[r.AmbientOcclusionMipLevelFactor:0.4]]
[2019.09.04-02.06.53:719][  0]LogConfig: Setting CVar [[r.AmbientOcclusionMaxQuality:100]]
[2019.09.04-02.06.53:719][  0]LogConfig: Setting CVar [[r.AmbientOcclusionLevels:-1]]
[2019.09.04-02.06.53:719][  0]LogConfig: Setting CVar [[r.AmbientOcclusionRadiusScale:1.0]]
[2019.09.04-02.06.53:719][  0]LogConfig: Setting CVar [[r.DepthOfFieldQuality:2]]
[2019.09.04-02.06.53:719][  0]LogConfig: Setting CVar [[r.RenderTargetPoolMin:400]]
[2019.09.04-02.06.53:719][  0]LogConfig: Setting CVar [[r.LensFlareQuality:2]]
[2019.09.04-02.06.53:719][  0]LogConfig: Setting CVar [[r.SceneColorFringeQuality:1]]
[2019.09.04-02.06.53:719][  0]LogConfig: Setting CVar [[r.EyeAdaptationQuality:2]]
[2019.09.04-02.06.53:719][  0]LogConfig: Setting CVar [[r.BloomQuality:5]]
[2019.09.04-02.06.53:719][  0]LogConfig: Setting CVar [[r.FastBlurThreshold:100]]
[2019.09.04-02.06.53:719][  0]LogConfig: Setting CVar [[r.Upscale.Quality:3]]
[2019.09.04-02.06.53:719][  0]LogConfig: Setting CVar [[r.Tonemapper.GrainQuantization:1]]
[2019.09.04-02.06.53:719][  0]LogConfig: Setting CVar [[r.LightShaftQuality:1]]
[2019.09.04-02.06.53:719][  0]LogConfig: Setting CVar [[r.Filter.SizeScale:1]]
[2019.09.04-02.06.53:719][  0]LogConfig: Setting CVar [[r.Tonemapper.Quality:5]]
[2019.09.04-02.06.53:719][  0]LogConfig: Setting CVar [[r.DOF.Gather.AccumulatorQuality:1        ; higher gathering accumulator quality]]
[2019.09.04-02.06.53:719][  0]LogConfig: Setting CVar [[r.DOF.Gather.PostfilterMethod:1          ; Median3x3 postfilering method]]
[2019.09.04-02.06.53:719][  0]LogConfig: Setting CVar [[r.DOF.Gather.EnableBokehSettings:0       ; no bokeh simulation when gathering]]
[2019.09.04-02.06.53:719][  0]LogConfig: Setting CVar [[r.DOF.Gather.RingCount:4                 ; medium number of samples when gathering]]
[2019.09.04-02.06.53:719][  0]LogConfig: Setting CVar [[r.DOF.Scatter.ForegroundCompositing:1    ; additive foreground scattering]]
[2019.09.04-02.06.53:719][  0]LogConfig: Setting CVar [[r.DOF.Scatter.BackgroundCompositing:2    ; additive background scattering]]
[2019.09.04-02.06.53:719][  0]LogConfig: Setting CVar [[r.DOF.Scatter.EnableBokehSettings:1      ; bokeh simulation when scattering]]
[2019.09.04-02.06.53:719][  0]LogConfig: Setting CVar [[r.DOF.Scatter.MaxSpriteRatio:0.1         ; only a maximum of 10% of scattered bokeh]]
[2019.09.04-02.06.53:719][  0]LogConfig: Setting CVar [[r.DOF.Recombine.Quality:1                ; cheap slight out of focus]]
[2019.09.04-02.06.53:719][  0]LogConfig: Setting CVar [[r.DOF.Recombine.EnableBokehSettings:0    ; no bokeh simulation on slight out of focus]]
[2019.09.04-02.06.53:719][  0]LogConfig: Setting CVar [[r.DOF.TemporalAAQuality:1                ; more stable temporal accumulation]]
[2019.09.04-02.06.53:719][  0]LogConfig: Setting CVar [[r.DOF.Kernel.MaxForegroundRadius:0.025]]
[2019.09.04-02.06.53:719][  0]LogConfig: Setting CVar [[r.DOF.Kernel.MaxBackgroundRadius:0.025]]
[2019.09.04-02.06.53:719][  0]LogConfig: Applying CVar settings from Section [TextureQuality@3] File [D:/Work/Unreal/ShmupBase/Saved/Config/Windows/Scalability.ini]
[2019.09.04-02.06.53:719][  0]LogConfig: Setting CVar [[r.Streaming.MipBias:0]]
[2019.09.04-02.06.53:719][  0]LogConfig: Setting CVar [[r.Streaming.AmortizeCPUToGPUCopy:0]]
[2019.09.04-02.06.53:719][  0]LogConfig: Setting CVar [[r.Streaming.MaxNumTexturesToStreamPerFrame:0]]
[2019.09.04-02.06.53:719][  0]LogConfig: Setting CVar [[r.Streaming.Boost:1]]
[2019.09.04-02.06.53:719][  0]LogConfig: Setting CVar [[r.MaxAnisotropy:8]]
[2019.09.04-02.06.53:719][  0]LogConfig: Setting CVar [[r.Streaming.LimitPoolSizeToVRAM:0]]
[2019.09.04-02.06.53:719][  0]LogConfig: Setting CVar [[r.Streaming.PoolSize:1000]]
[2019.09.04-02.06.53:719][  0]LogConfig: Setting CVar [[r.Streaming.MaxEffectiveScreenSize:0]]
[2019.09.04-02.06.53:719][  0]LogConfig: Applying CVar settings from Section [EffectsQuality@3] File [D:/Work/Unreal/ShmupBase/Saved/Config/Windows/Scalability.ini]
[2019.09.04-02.06.53:719][  0]LogConfig: Setting CVar [[r.TranslucencyLightingVolumeDim:64]]
[2019.09.04-02.06.53:719][  0]LogConfig: Setting CVar [[r.RefractionQuality:2]]
[2019.09.04-02.06.53:719][  0]LogConfig: Setting CVar [[r.SSR.Quality:3]]
[2019.09.04-02.06.53:719][  0]LogConfig: Setting CVar [[r.SceneColorFormat:4]]
[2019.09.04-02.06.53:719][  0]LogConfig: Setting CVar [[r.DetailMode:2]]
[2019.09.04-02.06.53:719][  0]LogConfig: Setting CVar [[r.TranslucencyVolumeBlur:1]]
[2019.09.04-02.06.53:719][  0]LogConfig: Setting CVar [[r.MaterialQualityLevel:1 ; High quality]]
[2019.09.04-02.06.53:719][  0]LogConfig: Setting CVar [[r.SSS.Scale:1]]
[2019.09.04-02.06.53:719][  0]LogConfig: Setting CVar [[r.SSS.SampleSet:2]]
[2019.09.04-02.06.53:719][  0]LogConfig: Setting CVar [[r.SSS.Quality:1]]
[2019.09.04-02.06.53:719][  0]LogConfig: Setting CVar [[r.SSS.HalfRes:1]]
[2019.09.04-02.06.53:719][  0]LogConfig: Setting CVar [[r.EmitterSpawnRateScale:1.0]]
[2019.09.04-02.06.53:719][  0]LogConfig: Setting CVar [[r.ParticleLightQuality:2]]
[2019.09.04-02.06.53:720][  0]LogConfig: Applying CVar settings from Section [FoliageQuality@3] File [D:/Work/Unreal/ShmupBase/Saved/Config/Windows/Scalability.ini]
[2019.09.04-02.06.53:720][  0]LogConfig: Setting CVar [[foliage.DensityScale:1.0]]
[2019.09.04-02.06.53:720][  0]LogConfig: Setting CVar [[grass.DensityScale:1.0]]
[2019.09.04-02.06.53:720][  0]LogInit: Selected Device Profile: [Windows]
[2019.09.04-02.06.53:720][  0]LogInit: Applying CVar settings loaded from the selected device profile: [Windows]
[2019.09.04-02.06.53:733][  0]LogHAL: Display: Platform has ~ 16 GB [17046663168 / 17179869184 / 16], which maps to Larger [LargestMinGB=32, LargerMinGB=12, DefaultMinGB=8, SmallerMinGB=6, SmallestMinGB=0)
[2019.09.04-02.06.53:733][  0]LogConfig: Setting CVar [[r.Vulkan.UseRealUBs:0		; Required until we fix HLR fall-out]]
[2019.09.04-02.06.53:733][  0]LogInit: Going up to parent DeviceProfile []
[2019.09.04-02.06.53:733][  0]LogConfig: Applying CVar settings from Section [ViewDistanceQuality@3] File [D:/Work/Unreal/ShmupBase/Saved/Config/Windows/Scalability.ini]
[2019.09.04-02.06.53:733][  0]LogConfig: Setting CVar [[r.SkeletalMeshLODBias:0]]
[2019.09.04-02.06.53:733][  0]LogConfig: Setting CVar [[r.ViewDistanceScale:1.0]]
[2019.09.04-02.06.53:733][  0]LogConfig: Applying CVar settings from Section [AntiAliasingQuality@3] File [D:/Work/Unreal/ShmupBase/Saved/Config/Windows/Scalability.ini]
[2019.09.04-02.06.53:733][  0]LogConfig: Setting CVar [[r.PostProcessAAQuality:4]]
[2019.09.04-02.06.53:733][  0]LogConfig: Applying CVar settings from Section [ShadowQuality@3] File [D:/Work/Unreal/ShmupBase/Saved/Config/Windows/Scalability.ini]
[2019.09.04-02.06.53:733][  0]LogConfig: Setting CVar [[r.LightFunctionQuality:1]]
[2019.09.04-02.06.53:733][  0]LogConfig: Setting CVar [[r.ShadowQuality:5]]
[2019.09.04-02.06.53:733][  0]LogConfig: Setting CVar [[r.Shadow.CSM.MaxCascades:10]]
[2019.09.04-02.06.53:733][  0]LogConfig: Setting CVar [[r.Shadow.MaxResolution:2048]]
[2019.09.04-02.06.53:733][  0]LogConfig: Setting CVar [[r.Shadow.MaxCSMResolution:2048]]
[2019.09.04-02.06.53:733][  0]LogConfig: Setting CVar [[r.Shadow.RadiusThreshold:0.01]]
[2019.09.04-02.06.53:733][  0]LogConfig: Setting CVar [[r.Shadow.DistanceScale:1.0]]
[2019.09.04-02.06.53:733][  0]LogConfig: Setting CVar [[r.Shadow.CSM.TransitionScale:1.0]]
[2019.09.04-02.06.53:733][  0]LogConfig: Setting CVar [[r.Shadow.PreShadowResolutionFactor:1.0]]
[2019.09.04-02.06.53:733][  0]LogConfig: Setting CVar [[r.DistanceFieldShadowing:1]]
[2019.09.04-02.06.53:733][  0]LogConfig: Setting CVar [[r.DistanceFieldAO:1]]
[2019.09.04-02.06.53:733][  0]LogConfig: Setting CVar [[r.AOQuality:2]]
[2019.09.04-02.06.53:733][  0]LogConfig: Setting CVar [[r.VolumetricFog:1]]
[2019.09.04-02.06.53:733][  0]LogConfig: Setting CVar [[r.VolumetricFog.GridPixelSize:8]]
[2019.09.04-02.06.53:733][  0]LogConfig: Setting CVar [[r.VolumetricFog.GridSizeZ:128]]
[2019.09.04-02.06.53:733][  0]LogConfig: Setting CVar [[r.VolumetricFog.HistoryMissSupersampleCount:4]]
[2019.09.04-02.06.53:733][  0]LogConfig: Setting CVar [[r.LightMaxDrawDistanceScale:1]]
[2019.09.04-02.06.53:733][  0]LogConfig: Setting CVar [[r.CapsuleShadows:1]]
[2019.09.04-02.06.53:733][  0]LogConfig: Applying CVar settings from Section [PostProcessQuality@3] File [D:/Work/Unreal/ShmupBase/Saved/Config/Windows/Scalability.ini]
[2019.09.04-02.06.53:733][  0]LogConfig: Setting CVar [[r.MotionBlurQuality:4]]
[2019.09.04-02.06.53:733][  0]LogConfig: Setting CVar [[r.AmbientOcclusionMipLevelFactor:0.4]]
[2019.09.04-02.06.53:733][  0]LogConfig: Setting CVar [[r.AmbientOcclusionMaxQuality:100]]
[2019.09.04-02.06.53:733][  0]LogConfig: Setting CVar [[r.AmbientOcclusionLevels:-1]]
[2019.09.04-02.06.53:733][  0]LogConfig: Setting CVar [[r.AmbientOcclusionRadiusScale:1.0]]
[2019.09.04-02.06.53:733][  0]LogConfig: Setting CVar [[r.DepthOfFieldQuality:2]]
[2019.09.04-02.06.53:733][  0]LogConfig: Setting CVar [[r.RenderTargetPoolMin:400]]
[2019.09.04-02.06.53:733][  0]LogConfig: Setting CVar [[r.LensFlareQuality:2]]
[2019.09.04-02.06.53:733][  0]LogConfig: Setting CVar [[r.SceneColorFringeQuality:1]]
[2019.09.04-02.06.53:733][  0]LogConfig: Setting CVar [[r.EyeAdaptationQuality:2]]
[2019.09.04-02.06.53:733][  0]LogConfig: Setting CVar [[r.BloomQuality:5]]
[2019.09.04-02.06.53:733][  0]LogConfig: Setting CVar [[r.FastBlurThreshold:100]]
[2019.09.04-02.06.53:733][  0]LogConfig: Setting CVar [[r.Upscale.Quality:3]]
[2019.09.04-02.06.53:733][  0]LogConfig: Setting CVar [[r.Tonemapper.GrainQuantization:1]]
[2019.09.04-02.06.53:733][  0]LogConfig: Setting CVar [[r.LightShaftQuality:1]]
[2019.09.04-02.06.53:733][  0]LogConfig: Setting CVar [[r.Filter.SizeScale:1]]
[2019.09.04-02.06.53:733][  0]LogConfig: Setting CVar [[r.Tonemapper.Quality:5]]
[2019.09.04-02.06.53:733][  0]LogConfig: Setting CVar [[r.DOF.Gather.AccumulatorQuality:1        ; higher gathering accumulator quality]]
[2019.09.04-02.06.53:734][  0]LogConfig: Setting CVar [[r.DOF.Gather.PostfilterMethod:1          ; Median3x3 postfilering method]]
[2019.09.04-02.06.53:734][  0]LogConfig: Setting CVar [[r.DOF.Gather.EnableBokehSettings:0       ; no bokeh simulation when gathering]]
[2019.09.04-02.06.53:734][  0]LogConfig: Setting CVar [[r.DOF.Gather.RingCount:4                 ; medium number of samples when gathering]]
[2019.09.04-02.06.53:734][  0]LogConfig: Setting CVar [[r.DOF.Scatter.ForegroundCompositing:1    ; additive foreground scattering]]
[2019.09.04-02.06.53:734][  0]LogConfig: Setting CVar [[r.DOF.Scatter.BackgroundCompositing:2    ; additive background scattering]]
[2019.09.04-02.06.53:734][  0]LogConfig: Setting CVar [[r.DOF.Scatter.EnableBokehSettings:1      ; bokeh simulation when scattering]]
[2019.09.04-02.06.53:734][  0]LogConfig: Setting CVar [[r.DOF.Scatter.MaxSpriteRatio:0.1         ; only a maximum of 10% of scattered bokeh]]
[2019.09.04-02.06.53:734][  0]LogConfig: Setting CVar [[r.DOF.Recombine.Quality:1                ; cheap slight out of focus]]
[2019.09.04-02.06.53:734][  0]LogConfig: Setting CVar [[r.DOF.Recombine.EnableBokehSettings:0    ; no bokeh simulation on slight out of focus]]
[2019.09.04-02.06.53:734][  0]LogConfig: Setting CVar [[r.DOF.TemporalAAQuality:1                ; more stable temporal accumulation]]
[2019.09.04-02.06.53:734][  0]LogConfig: Setting CVar [[r.DOF.Kernel.MaxForegroundRadius:0.025]]
[2019.09.04-02.06.53:734][  0]LogConfig: Setting CVar [[r.DOF.Kernel.MaxBackgroundRadius:0.025]]
[2019.09.04-02.06.53:734][  0]LogConfig: Applying CVar settings from Section [TextureQuality@3] File [D:/Work/Unreal/ShmupBase/Saved/Config/Windows/Scalability.ini]
[2019.09.04-02.06.53:734][  0]LogConfig: Setting CVar [[r.Streaming.MipBias:0]]
[2019.09.04-02.06.53:734][  0]LogConfig: Setting CVar [[r.Streaming.AmortizeCPUToGPUCopy:0]]
[2019.09.04-02.06.53:734][  0]LogConfig: Setting CVar [[r.Streaming.MaxNumTexturesToStreamPerFrame:0]]
[2019.09.04-02.06.53:734][  0]LogConfig: Setting CVar [[r.Streaming.Boost:1]]
[2019.09.04-02.06.53:734][  0]LogConfig: Setting CVar [[r.MaxAnisotropy:8]]
[2019.09.04-02.06.53:734][  0]LogConfig: Setting CVar [[r.Streaming.LimitPoolSizeToVRAM:0]]
[2019.09.04-02.06.53:734][  0]LogConfig: Setting CVar [[r.Streaming.PoolSize:1000]]
[2019.09.04-02.06.53:734][  0]LogConfig: Setting CVar [[r.Streaming.MaxEffectiveScreenSize:0]]
[2019.09.04-02.06.53:734][  0]LogConfig: Applying CVar settings from Section [EffectsQuality@3] File [D:/Work/Unreal/ShmupBase/Saved/Config/Windows/Scalability.ini]
[2019.09.04-02.06.53:734][  0]LogConfig: Setting CVar [[r.TranslucencyLightingVolumeDim:64]]
[2019.09.04-02.06.53:734][  0]LogConfig: Setting CVar [[r.RefractionQuality:2]]
[2019.09.04-02.06.53:734][  0]LogConfig: Setting CVar [[r.SSR.Quality:3]]
[2019.09.04-02.06.53:734][  0]LogConfig: Setting CVar [[r.SceneColorFormat:4]]
[2019.09.04-02.06.53:734][  0]LogConfig: Setting CVar [[r.DetailMode:2]]
[2019.09.04-02.06.53:734][  0]LogConfig: Setting CVar [[r.TranslucencyVolumeBlur:1]]
[2019.09.04-02.06.53:734][  0]LogConfig: Setting CVar [[r.MaterialQualityLevel:1 ; High quality]]
[2019.09.04-02.06.53:734][  0]LogConfig: Setting CVar [[r.SSS.Scale:1]]
[2019.09.04-02.06.53:734][  0]LogConfig: Setting CVar [[r.SSS.SampleSet:2]]
[2019.09.04-02.06.53:734][  0]LogConfig: Setting CVar [[r.SSS.Quality:1]]
[2019.09.04-02.06.53:734][  0]LogConfig: Setting CVar [[r.SSS.HalfRes:1]]
[2019.09.04-02.06.53:734][  0]LogConfig: Setting CVar [[r.EmitterSpawnRateScale:1.0]]
[2019.09.04-02.06.53:734][  0]LogConfig: Setting CVar [[r.ParticleLightQuality:2]]
[2019.09.04-02.06.53:734][  0]LogConfig: Applying CVar settings from Section [FoliageQuality@3] File [D:/Work/Unreal/ShmupBase/Saved/Config/Windows/Scalability.ini]
[2019.09.04-02.06.53:734][  0]LogConfig: Setting CVar [[foliage.DensityScale:1.0]]
[2019.09.04-02.06.53:734][  0]LogConfig: Setting CVar [[grass.DensityScale:1.0]]
[2019.09.04-02.06.53:734][  0]LogConfig: Applying CVar settings from Section [Startup] File [../../../Engine/Config/ConsoleVariables.ini]
[2019.09.04-02.06.53:734][  0]LogConfig: Setting CVar [[net.UseAdaptiveNetUpdateFrequency:0]]
[2019.09.04-02.06.53:734][  0]LogConfig: Setting CVar [[p.chaos.AllowCreatePhysxBodies:1]]
[2019.09.04-02.06.53:734][  0]LogConfig: Applying CVar settings from Section [ConsoleVariables] File [D:/Work/Unreal/ShmupBase/Saved/Config/Windows/Engine.ini]
[2019.09.04-02.06.53:734][  0]LogInit: Computer: DESKTOP-91J1SGL
[2019.09.04-02.06.53:734][  0]LogInit: User: archie
[2019.09.04-02.06.53:734][  0]LogInit: CPU Page size=4096, Cores=4
[2019.09.04-02.06.53:734][  0]LogInit: High frequency timer resolution =2.742188 MHz
[2019.09.04-02.06.53:735][  0]LogMemory: Memory total: Physical=15.9GB (16GB approx)
[2019.09.04-02.06.53:735][  0]LogMemory: Platform Memory Stats for Windows
[2019.09.04-02.06.53:735][  0]LogMemory: Process Physical Memory: 97.00 MB used, 97.00 MB peak
[2019.09.04-02.06.53:735][  0]LogMemory: Process Virtual Memory: 89.50 MB used, 89.50 MB peak
[2019.09.04-02.06.53:735][  0]LogMemory: Physical Memory: 8870.09 MB used,  7386.88 MB free, 16256.96 MB total
[2019.09.04-02.06.53:735][  0]LogMemory: Virtual Memory: 4659.54 MB used,  134213072.00 MB free, 134217728.00 MB total
[2019.09.04-02.06.53:757][  0]LogInit: Using OS detected language (en-US).
[2019.09.04-02.06.53:757][  0]LogInit: Using OS detected locale (en-US).
[2019.09.04-02.06.53:758][  0]LogTextLocalizationManager: No specific localization for 'en-US' exists, so the 'en' localization will be used.
[2019.09.04-02.06.53:955][  0]LogInit: Setting process to per monitor DPI aware
[2019.09.04-02.06.53:994][  0]LogSlate: New Slate User Created.  User Index 0, Is Virtual User: 0
[2019.09.04-02.06.53:994][  0]LogSlate: Slate User Registered.  User Index 0, Is Virtual User: 0
[2019.09.04-02.06.54:217][  0]LogHMD: Failed to initialize OpenVR with code 102
[2019.09.04-02.06.54:217][  0]LogD3D11RHI: D3D11 adapters:
[2019.09.04-02.06.54:310][  0]LogD3D11RHI:    0. 'NVIDIA GeForce GTX 1060' (Feature Level 11_0)
[2019.09.04-02.06.54:310][  0]LogD3D11RHI:       6052/0/8128 MB DedicatedVideo/DedicatedSystem/SharedSystem, Outputs:1, VendorId:0x10de
[2019.09.04-02.06.54:321][  0]LogD3D11RHI:    1. 'Intel(R) HD Graphics 630' (Feature Level 11_0)
[2019.09.04-02.06.54:321][  0]LogD3D11RHI:       128/0/8128 MB DedicatedVideo/DedicatedSystem/SharedSystem, Outputs:0, VendorId:0x8086
[2019.09.04-02.06.54:324][  0]LogD3D11RHI:    2. 'Microsoft Basic Render Driver' (Feature Level 11_0)
[2019.09.04-02.06.54:324][  0]LogD3D11RHI:       0/0/8128 MB DedicatedVideo/DedicatedSystem/SharedSystem, Outputs:0, VendorId:0x1414
[2019.09.04-02.06.54:324][  0]LogD3D11RHI: Chosen D3D11 Adapter: 0
[2019.09.04-02.06.54:361][  0]LogD3D11RHI: Creating new Direct3DDevice
[2019.09.04-02.06.54:361][  0]LogD3D11RHI:     GPU DeviceId: 0x1c20 (for the marketing name, search the web for "GPU Device Id")
[2019.09.04-02.06.54:361][  0]LogWindows: EnumDisplayDevices:
[2019.09.04-02.06.54:362][  0]LogWindows:    0. 'Intel(R) HD Graphics 630' (P:1 D:1)
[2019.09.04-02.06.54:363][  0]LogWindows:    1. 'Intel(R) HD Graphics 630' (P:0 D:0)
[2019.09.04-02.06.54:363][  0]LogWindows:    2. 'Intel(R) HD Graphics 630' (P:0 D:0)
[2019.09.04-02.06.54:364][  0]LogWindows:    3. 'NVIDIA GeForce GTX 1060' (P:0 D:0)
[2019.09.04-02.06.54:364][  0]LogWindows:    4. 'NVIDIA GeForce GTX 1060' (P:0 D:0)
[2019.09.04-02.06.54:365][  0]LogWindows:    5. 'NVIDIA GeForce GTX 1060' (P:0 D:0)
[2019.09.04-02.06.54:366][  0]LogWindows:    6. 'NVIDIA GeForce GTX 1060' (P:0 D:0)
[2019.09.04-02.06.54:367][  0]LogWindows: DebugString: PrimaryIsNotTheChoosenAdapter PrimaryIsNotTheChoosenAdapter PrimaryIsNotTheChoosenAdapter FoundDriverCount:4 
[2019.09.04-02.06.54:367][  0]LogD3D11RHI:     Adapter Name: NVIDIA GeForce GTX 1060
[2019.09.04-02.06.54:367][  0]LogD3D11RHI:   Driver Version: 436.15 (internal:26.21.14.3615, unified:436.15)
[2019.09.04-02.06.54:367][  0]LogD3D11RHI:      Driver Date: 8-24-2019
[2019.09.04-02.06.54:367][  0]LogRHI: Texture pool is 4236 MB (70% of 6052 MB)
[2019.09.04-02.06.54:417][  0]LogD3D11RHI: Async texture creation enabled
[2019.09.04-02.06.54:463][  0]LogRendererCore: FGlobalReadBuffer::InitRHI
[2019.09.04-02.06.54:463][  0]LogRendererCore: FGlobalReadBuffer::InitRHI
[2019.09.04-02.06.54:463][  0]LogRendererCore: FGlobalReadBuffer::InitRHI
[2019.09.04-02.06.54:474][  0]LogD3D11RHI: GPU Timing Frequency: 1000.000000 (Debug: 2 1)
[2019.09.04-02.06.54:817][  0]LogTemp: Display: Module 'AllDesktopTargetPlatform' loaded TargetPlatform 'AllDesktop'
[2019.09.04-02.06.54:832][  0]LogTemp: Display: Module 'MacClientTargetPlatform' loaded TargetPlatform 'MacClient'
[2019.09.04-02.06.54:846][  0]LogTemp: Display: Module 'MacNoEditorTargetPlatform' loaded TargetPlatform 'MacNoEditor'
[2019.09.04-02.06.54:859][  0]LogTemp: Display: Module 'MacServerTargetPlatform' loaded TargetPlatform 'MacServer'
[2019.09.04-02.06.54:875][  0]LogTemp: Display: Module 'MacTargetPlatform' loaded TargetPlatform 'Mac'
[2019.09.04-02.06.54:889][  0]LogTemp: Display: Module 'WindowsClientTargetPlatform' loaded TargetPlatform 'WindowsClient'
[2019.09.04-02.06.54:902][  0]LogTemp: Display: Module 'WindowsNoEditorTargetPlatform' loaded TargetPlatform 'WindowsNoEditor'
[2019.09.04-02.06.54:916][  0]LogTemp: Display: Module 'WindowsServerTargetPlatform' loaded TargetPlatform 'WindowsServer'
[2019.09.04-02.06.54:922][  0]LogTemp: Display: Module 'WindowsTargetPlatform' loaded TargetPlatform 'Windows'
[2019.09.04-02.06.55:017][  0]LogTemp: Display: Module 'AndroidTargetPlatform' loaded TargetPlatform 'Android'
[2019.09.04-02.06.55:017][  0]LogTemp: Display: Module 'AndroidTargetPlatform' loaded TargetPlatform 'Android_ASTC'
[2019.09.04-02.06.55:017][  0]LogTemp: Display: Module 'AndroidTargetPlatform' loaded TargetPlatform 'Android_ATC'
[2019.09.04-02.06.55:017][  0]LogTemp: Display: Module 'AndroidTargetPlatform' loaded TargetPlatform 'Android_DXT'
[2019.09.04-02.06.55:017][  0]LogTemp: Display: Module 'AndroidTargetPlatform' loaded TargetPlatform 'Android_ETC1'
[2019.09.04-02.06.55:017][  0]LogTemp: Display: Module 'AndroidTargetPlatform' loaded TargetPlatform 'Android_ETC1a'
[2019.09.04-02.06.55:017][  0]LogTemp: Display: Module 'AndroidTargetPlatform' loaded TargetPlatform 'Android_ETC2'
[2019.09.04-02.06.55:017][  0]LogTemp: Display: Module 'AndroidTargetPlatform' loaded TargetPlatform 'Android_PVRTC'
[2019.09.04-02.06.55:017][  0]LogTemp: Display: Module 'AndroidTargetPlatform' loaded TargetPlatform 'AndroidClient'
[2019.09.04-02.06.55:017][  0]LogTemp: Display: Module 'AndroidTargetPlatform' loaded TargetPlatform 'Android_ASTCClient'
[2019.09.04-02.06.55:017][  0]LogTemp: Display: Module 'AndroidTargetPlatform' loaded TargetPlatform 'Android_ATCClient'
[2019.09.04-02.06.55:017][  0]LogTemp: Display: Module 'AndroidTargetPlatform' loaded TargetPlatform 'Android_DXTClient'
[2019.09.04-02.06.55:017][  0]LogTemp: Display: Module 'AndroidTargetPlatform' loaded TargetPlatform 'Android_ETC1Client'
[2019.09.04-02.06.55:017][  0]LogTemp: Display: Module 'AndroidTargetPlatform' loaded TargetPlatform 'Android_ETC1aClient'
[2019.09.04-02.06.55:017][  0]LogTemp: Display: Module 'AndroidTargetPlatform' loaded TargetPlatform 'Android_ETC2Client'
[2019.09.04-02.06.55:017][  0]LogTemp: Display: Module 'AndroidTargetPlatform' loaded TargetPlatform 'Android_PVRTCClient'
[2019.09.04-02.06.55:017][  0]LogTemp: Display: Module 'AndroidTargetPlatform' loaded TargetPlatform 'Android_Multi'
[2019.09.04-02.06.55:017][  0]LogTemp: Display: Module 'AndroidTargetPlatform' loaded TargetPlatform 'Android_MultiClient'
[2019.09.04-02.06.55:018][  0]LogTemp: Display: Module 'HTML5TargetPlatform' loaded TargetPlatform 'HTML5'
[2019.09.04-02.06.55:069][  0]LogTemp: Display: Module 'IOSTargetPlatform' loaded TargetPlatform 'IOSClient'
[2019.09.04-02.06.55:069][  0]LogTemp: Display: Module 'IOSTargetPlatform' loaded TargetPlatform 'IOS'
[2019.09.04-02.06.55:093][  0]LogTemp: Display: Module 'TVOSTargetPlatform' loaded TargetPlatform 'TVOSClient'
[2019.09.04-02.06.55:093][  0]LogTemp: Display: Module 'TVOSTargetPlatform' loaded TargetPlatform 'TVOS'
[2019.09.04-02.06.55:106][  0]LogTemp: Display: Module 'LinuxClientTargetPlatform' loaded TargetPlatform 'LinuxClient'
[2019.09.04-02.06.55:120][  0]LogTemp: Display: Module 'LinuxNoEditorTargetPlatform' loaded TargetPlatform 'LinuxNoEditor'
[2019.09.04-02.06.55:134][  0]LogTemp: Display: Module 'LinuxServerTargetPlatform' loaded TargetPlatform 'LinuxServer'
[2019.09.04-02.06.55:148][  0]LogTemp: Display: Module 'LinuxTargetPlatform' loaded TargetPlatform 'Linux'
[2019.09.04-02.06.55:192][  0]LogTemp: Display: Module 'LuminTargetPlatform' loaded TargetPlatform 'Lumin'
[2019.09.04-02.06.55:192][  0]LogTemp: Display: Module 'LuminTargetPlatform' loaded TargetPlatform 'LuminClient'
[2019.09.04-02.06.55:193][  0]LogTargetPlatformManager: Display: Building Assets For Windows
[2019.09.04-02.06.55:201][  0]LogAudioDebug: Display: Lib vorbis DLL was dynamically loaded.
[2019.09.04-02.06.55:243][  0]LogShaderCompilers: Guid format shader working directory is 7 characters bigger than the processId version (../../../../../../Work/Unreal/ShmupBase/Intermediate/Shaders/WorkingDirectory/42720/).
[2019.09.04-02.06.55:243][  0]LogShaderCompilers: Cleaned the shader compiler working directory 'C:/Users/archie/AppData/Local/Temp/UnrealShaderWorkingDir/3EDD168146B659ECA592BC987A450201/'.
[2019.09.04-02.06.55:245][  0]LogXGEController: Cannot use XGE Controller as Incredibuild is not installed on this machine.
[2019.09.04-02.06.55:245][  0]LogShaderCompilers: Cannot use XGE Shader Compiler as Incredibuild is not installed on this machine.
[2019.09.04-02.06.55:245][  0]LogShaderCompilers: Display: Using Local Shader Compiler.
[2019.09.04-02.06.56:060][  0]LogDerivedDataCache: Display: Max Cache Size: 512 MB
[2019.09.04-02.06.56:122][  0]LogDerivedDataCache: Loaded boot cache 0.06s 71MB C:/Users/archie/AppData/Local/UnrealEngine/4.22/DerivedDataCache/Boot.ddc.
[2019.09.04-02.06.56:122][  0]LogDerivedDataCache: Display: Loaded Boot cache: C:/Users/archie/AppData/Local/UnrealEngine/4.22/DerivedDataCache/Boot.ddc
[2019.09.04-02.06.56:122][  0]LogDerivedDataCache: FDerivedDataBackendGraph:  Pak pak cache file ../../../../../../Work/Unreal/ShmupBase/DerivedDataCache/DDC.ddp not found, will not use a pak cache.
[2019.09.04-02.06.56:122][  0]LogDerivedDataCache: Unable to find inner node Pak for hierarchical cache Hierarchy.
[2019.09.04-02.06.56:122][  0]LogDerivedDataCache: FDerivedDataBackendGraph:  CompressedPak pak cache file ../../../../../../Work/Unreal/ShmupBase/DerivedDataCache/Compressed.ddp not found, will not use a pak cache.
[2019.09.04-02.06.56:122][  0]LogDerivedDataCache: Unable to find inner node CompressedPak for hierarchical cache Hierarchy.
[2019.09.04-02.06.56:136][  0]LogDerivedDataCache: Display: Pak cache opened for reading ../../../Engine/DerivedDataCache/Compressed.ddp.
[2019.09.04-02.06.56:136][  0]LogDerivedDataCache: FDerivedDataBackendGraph:  EnterprisePak pak cache file ../../../Enterprise/DerivedDataCache/Compressed.ddp not found, will not use a pak cache.
[2019.09.04-02.06.56:136][  0]LogDerivedDataCache: Unable to find inner node EnterprisePak for hierarchical cache Hierarchy.
[2019.09.04-02.06.56:148][  0]LogDerivedDataCache: Using Local data cache path C:/Users/archie/AppData/Local/UnrealEngine/Common/DerivedDataCache: Writable
[2019.09.04-02.06.56:148][  0]LogDerivedDataCache: Shared data cache path not found in *engine.ini, will not use an Shared cache.
[2019.09.04-02.06.56:148][  0]LogDerivedDataCache: Unable to find inner node Shared for hierarchical cache Hierarchy.
[2019.09.04-02.06.56:172][  0]LogMaterial: Verifying Global Shaders for PCD3D_SM5
[2019.09.04-02.06.56:173][  0]LogSlate: Using FreeType 2.6.0
[2019.09.04-02.06.56:174][  0]LogSlate: SlateFontServices - WITH_FREETYPE: 1, WITH_HARFBUZZ: 1
[2019.09.04-02.06.56:291][  0]LogAssetRegistry: FAssetRegistry took 0.0431 seconds to start up
[2019.09.04-02.06.58:039][  0]LogFileManager: Warning: DeleteFile was unable to delete '../../../../../../Work/Unreal/ShmupBase/Intermediate/CachedAssetRegistry.bin', retrying in .5s...
[2019.09.04-02.06.58:039][  0]LogFileManager: Warning: DeleteFile recovered during retry!
[2019.09.04-02.06.58:039][  0]LogInit: Selected Device Profile: [Windows]
[2019.09.04-02.06.59:892][  0]LogMeshReduction: Using QuadricMeshReduction for automatic static mesh reduction
[2019.09.04-02.06.59:892][  0]LogMeshReduction: Using SimplygonMeshReduction for automatic skeletal mesh reduction
[2019.09.04-02.06.59:892][  0]LogMeshReduction: Using ProxyLODMeshReduction for automatic mesh merging
[2019.09.04-02.06.59:892][  0]LogMeshReduction: No distributed automatic mesh merging module available
[2019.09.04-02.06.59:898][  0]LogMeshMerging: No distributed automatic mesh merging module available
[2019.09.04-02.07.00:605][  0]LogNetVersion: ShmupBase 1.0.0, NetCL: 5660361, EngineNetVer: 10, GameNetVer: 0 (Checksum: 3855860497)
[2019.09.04-02.07.06:351][  0]LogAssetRegistry: Error: Failed to open file for write ../../../../../../Work/Unreal/ShmupBase/Intermediate/AssetRegistryCache/2657c409.bin
[2019.09.04-02.07.06:384][  0]LogAssetRegistry: Error: Failed to open file for write ../../../../../../Work/Unreal/ShmupBase/Intermediate/AssetRegistryCache/866581fd.bin
[2019.09.04-02.07.06:422][  0]LogPackageLocalizationCache: Processed 10 localized package path(s) for 1 prioritized culture(s) in 0.087285 seconds
[2019.09.04-02.07.06:492][  0]LogUObjectArray: 42205 objects as part of root set at end of initial load.
[2019.09.04-02.07.06:492][  0]LogUObjectAllocator: 7325032 out of 0 bytes used by permanent object pool.
[2019.09.04-02.07.06:492][  0]LogUObjectArray: CloseDisregardForGC: 0/0 objects in disregard for GC pool
[2019.09.04-02.07.31:131][  0]LogTcpMessaging: Initializing TcpMessaging bridge
[2019.09.04-02.07.31:204][  0]LogUdpMessaging: Initializing bridge on interface 0.0.0.0:0 to multicast group 230.0.0.1:6666.
[2019.09.04-02.07.32:155][  0]SourceControl: Source control is disabled
[2019.09.04-02.07.32:166][  0]SourceControl: Source control is disabled
[2019.09.04-02.07.32:289][  0]SourceControl: Source control is disabled
[2019.09.04-02.07.32:318][  0]SourceControl: Source control is disabled
[2019.09.04-02.07.33:926][  0]LogAndroidPermission: UAndroidPermissionCallbackProxy::GetInstance
[2019.09.04-02.07.34:616][  0]LogOcInput: OculusInput pre-init called
[2019.09.04-02.07.37:159][  0]LogEngine: Initializing Engine...
[2019.09.04-02.07.37:219][  0]LogHMD: Failed to initialize OpenVR with code 102
[2019.09.04-02.07.37:246][  0]LogStats: UGameplayTagsManager::InitializeManager -  0.002 s
[2019.09.04-02.07.38:303][  0]LogInit: Initializing FReadOnlyCVARCache
[2019.09.04-02.07.39:023][  0]LogAIModule: Creating AISystem for world Untitled
[2019.09.04-02.07.39:440][  0]LogInit: XAudio2 using 'EXTRON D (NVIDIA High Definition Audio)' : 2 channels at 48 kHz using 16 bits per sample (channel mask 0x3)
[2019.09.04-02.07.39:489][  0]LogInit: FAudioDevice initialized.
[2019.09.04-02.07.39:498][  0]LogNetVersion: Set ProjectVersion to 1.0.0.0. Version Checksum will be recalculated on next use.
[2019.09.04-02.07.39:507][  0]LogDerivedDataCache: Error: Could not save memory cache C:/Users/archie/AppData/Local/UnrealEngine/4.22/DerivedDataCache/Boot.ddc.
[2019.09.04-02.07.39:516][  0]LogInit: Texture streaming: Enabled
[2019.09.04-02.07.39:836][  0]LogEngineSessionManager: EngineSessionManager initialized
[2019.09.04-02.07.40:183][  0]LogInit: Transaction tracking system initialized
[2019.09.04-02.07.40:666][  0]BlueprintLog: New page: Editor Load
[2019.09.04-02.07.42:238][  0]LocalizationService: Localization service is disabled
[2019.09.04-02.07.45:813][  0]LogFileCache: Scanning file cache for directory 'D:/Work/Unreal/ShmupBase/Content/' took 0.02s
[2019.09.04-02.07.45:813][  0]LogCook: Display: Max memory allowance for cook 16384mb min free memory 0mb
[2019.09.04-02.07.45:817][  0]LogCook: Display: Mobile HDR setting 1
[2019.09.04-02.07.48:931][  0]SourceControl: Source control is disabled
[2019.09.04-02.07.48:974][  0]Cmd: MAP LOAD FILE="../../../Engine/Content/Maps/Templates/Template_Default.umap" TEMPLATE=1 SHOWPROGRESS=1 FEATURELEVEL=3
[2019.09.04-02.07.49:070][  0]LightingResults: New page: Lighting Build
[2019.09.04-02.07.49:320][  0]MapCheck: New page: Map Check
[2019.09.04-02.07.49:320][  0]LightingResults: New page: Lighting Build
[2019.09.04-02.07.49:987][  0]LogUObjectHash: Compacting FUObjectHashTables data took  14.71ms
[2019.09.04-02.07.51:523][  0]LogAIModule: Creating AISystem for world Untitled_1
[2019.09.04-02.07.52:358][  0]LogEditorServer: Finished looking for orphan Actors (0.000 secs)
[2019.09.04-02.07.52:572][  0]LogUObjectHash: Compacting FUObjectHashTables data took   3.43ms
[2019.09.04-02.07.52:573][  0]Cmd: MAP CHECKDEP NOCLEARLOG
[2019.09.04-02.07.52:586][  0]MapCheck: Map check complete: 0 Error(s), 0 Warning(s), took 0.507ms to complete.
[2019.09.04-02.07.52:586][  0]LogFileHelpers: Loading map 'Template_Default' took 3.630
[2019.09.04-02.07.54:402][  0]LogSlate: Updating window title bar state: overlay mode, drag disabled, window buttons hidden, title bar hidden
[2019.09.04-02.07.54:445][  0]LogSlate: Updating window title bar state: overlay mode, drag disabled, window buttons hidden, title bar hidden
[2019.09.04-02.07.54:456][  0]LogSlate: Updating window title bar state: overlay mode, drag disabled, window buttons hidden, title bar hidden
[2019.09.04-02.07.54:466][  0]LogSlate: Updating window title bar state: overlay mode, drag disabled, window buttons hidden, title bar hidden
[2019.09.04-02.07.54:634][  0]LogCollectionManager: Loaded 0 collections in 0.000999 seconds
[2019.09.04-02.07.54:795][  0]LogFileCache: Scanning file cache for directory 'D:/Work/Unreal/ShmupBase/Saved/Collections/' took 0.01s
[2019.09.04-02.07.54:795][  0]LogFileCache: Scanning file cache for directory 'D:/Work/Unreal/ShmupBase/Content/Developers/archie/Collections/' took 0.01s
[2019.09.04-02.07.54:795][  0]LogFileCache: Scanning file cache for directory 'D:/Work/Unreal/ShmupBase/Content/Collections/' took 0.00s
[2019.09.04-02.07.54:795][  0]LogCollectionManager: Rebuilt the GUID cache for 0 collections in 0.000001 seconds
[2019.09.04-02.07.54:831][  0]LogContentBrowser: Native class hierarchy populated in 0.0354 seconds. Added 2732 classes and 659 folders.
[2019.09.04-02.07.54:966][  0]LogContentBrowser: Native class hierarchy updated for 'WidgetCarousel' in 0.0004 seconds. Added 0 classes and 0 folders.
[2019.09.04-02.07.55:095][  0]LogPakFile: Registered encryption key '00000000000000000000000000000000': 0 pak files mounted, 0 remain pending
[2019.09.04-02.07.55:136][  0]LogPakFile: Registered encryption key '00000000000000000000000000000000': 0 pak files mounted, 0 remain pending
[2019.09.04-02.07.55:163][  0]LogPakFile: Registered encryption key '00000000000000000000000000000000': 0 pak files mounted, 0 remain pending
[2019.09.04-02.07.55:170][  0]LogPakFile: Registered encryption key '00000000000000000000000000000000': 0 pak files mounted, 0 remain pending
[2019.09.04-02.07.55:174][  0]LogPakFile: Registered encryption key '00000000000000000000000000000000': 0 pak files mounted, 0 remain pending
[2019.09.04-02.07.55:180][  0]LogPakFile: Registered encryption key '00000000000000000000000000000000': 0 pak files mounted, 0 remain pending
[2019.09.04-02.07.55:198][  0]LogPakFile: Registered encryption key '00000000000000000000000000000000': 0 pak files mounted, 0 remain pending
[2019.09.04-02.07.55:203][  0]LogPakFile: Registered encryption key '00000000000000000000000000000000': 0 pak files mounted, 0 remain pending
[2019.09.04-02.07.55:211][  0]LogPakFile: Registered encryption key '00000000000000000000000000000000': 0 pak files mounted, 0 remain pending
[2019.09.04-02.07.55:225][  0]LogPakFile: Registered encryption key '00000000000000000000000000000000': 0 pak files mounted, 0 remain pending
[2019.09.04-02.07.55:316][  0]LogPakFile: Registered encryption key '00000000000000000000000000000000': 0 pak files mounted, 0 remain pending
[2019.09.04-02.07.55:338][  0]LogPakFile: Registered encryption key '00000000000000000000000000000000': 0 pak files mounted, 0 remain pending
[2019.09.04-02.07.55:355][  0]LogPakFile: Registered encryption key '00000000000000000000000000000000': 0 pak files mounted, 0 remain pending
[2019.09.04-02.07.55:372][  0]LogPakFile: Registered encryption key '00000000000000000000000000000000': 0 pak files mounted, 0 remain pending
[2019.09.04-02.07.55:379][  0]LogPakFile: Registered encryption key '00000000000000000000000000000000': 0 pak files mounted, 0 remain pending
[2019.09.04-02.07.55:394][  0]LogPakFile: Registered encryption key '00000000000000000000000000000000': 0 pak files mounted, 0 remain pending
[2019.09.04-02.07.55:427][  0]LogPakFile: Registered encryption key '00000000000000000000000000000000': 0 pak files mounted, 0 remain pending
[2019.09.04-02.07.55:450][  0]LogPakFile: Registered encryption key '00000000000000000000000000000000': 0 pak files mounted, 0 remain pending
[2019.09.04-02.07.55:483][  0]LogPakFile: Registered encryption key '00000000000000000000000000000000': 0 pak files mounted, 0 remain pending
[2019.09.04-02.07.55:540][  0]LogPakFile: Registered encryption key '00000000000000000000000000000000': 0 pak files mounted, 0 remain pending
[2019.09.04-02.07.55:568][  0]LogPakFile: Registered encryption key '00000000000000000000000000000000': 0 pak files mounted, 0 remain pending
[2019.09.04-02.07.55:573][  0]LogPakFile: Registered encryption key '00000000000000000000000000000000': 0 pak files mounted, 0 remain pending
[2019.09.04-02.07.55:594][  0]LogPakFile: Registered encryption key '00000000000000000000000000000000': 0 pak files mounted, 0 remain pending
[2019.09.04-02.07.55:609][  0]LogPakFile: Registered encryption key '00000000000000000000000000000000': 0 pak files mounted, 0 remain pending
[2019.09.04-02.07.55:628][  0]LogPakFile: Registered encryption key '00000000000000000000000000000000': 0 pak files mounted, 0 remain pending
[2019.09.04-02.07.55:641][  0]LogPakFile: Registered encryption key '00000000000000000000000000000000': 0 pak files mounted, 0 remain pending
[2019.09.04-02.07.56:493][  0]LogContentBrowser: Native class hierarchy updated for 'AddContentDialog' in 0.0002 seconds. Added 0 classes and 0 folders.
[2019.09.04-02.07.56:555][  0]LogContentBrowser: Native class hierarchy updated for 'SceneOutliner' in 0.0006 seconds. Added 1 classes and 2 folders.
[2019.09.04-02.07.57:538][  0]LogSlate: Took 0.000203 seconds to synchronously load lazily loaded font '../../../Engine/Content/Slate/Fonts/Roboto-Regular.ttf' (155K)
[2019.09.04-02.07.57:615][  0]LogSlate: Took 0.015886 seconds to synchronously load lazily loaded font '../../../Engine/Content/Slate/Fonts/Roboto-Bold.ttf' (160K)
[2019.09.04-02.07.57:744][  0]LogSlate: Took 0.050598 seconds to synchronously load lazily loaded font '../../../Engine/Content/Editor/Slate/Fonts/FontAwesome.ttf' (139K)
[2019.09.04-02.07.58:513][  0]LogRenderer: Reallocating scene render targets to support 824x504 Format 10 NumSamples 1 (Frame:1).
[2019.09.04-02.07.59:649][  0]LogContentBrowser: Native class hierarchy updated for 'HierarchicalLODOutliner' in 0.0003 seconds. Added 0 classes and 0 folders.
[2019.09.04-02.07.59:649][  0]LogLoad: (Engine Initialization) Total time: 68.12 seconds
[2019.09.04-02.07.59:649][  0]LogLoad: (Engine Initialization) Total Blueprint compile time: 0.01 seconds
[2019.09.04-02.08.00:181][  0]LogEditorViewport: Clicking on Actor (LMB): BP_Sky_Sphere_C (Sky Sphere)
[2019.09.04-02.08.00:889][  0]LogEditorViewport: Clicking on Actor (LMB): BP_Sky_Sphere_C (Sky Sphere)
[2019.09.04-02.08.00:934][  0]LogEditorViewport: Clicking on Actor (LMB): BP_Sky_Sphere_C (Sky Sphere)
[2019.09.04-02.08.00:986][  0]LogWindowsTextInputMethodSystem: Display: IME system now deactivated.
[2019.09.04-02.08.01:147][  0]LogContentStreaming: Texture pool size now 1000 MB
[2019.09.04-02.08.01:510][  1]LogAssetRegistry: Asset discovery search completed in 65.2419 seconds
[2019.09.04-02.08.01:567][  1]LogCollectionManager: Rebuilt the object cache for 0 collections in 0.000001 seconds (found 0 objects)
[2019.09.04-02.08.01:568][  1]LogCollectionManager: Fixed up redirectors for 0 collections in 0.025650 seconds (updated 0 objects)
[2019.09.04-02.08.01:857][  1]LogSlate: Took 0.012279 seconds to synchronously load lazily loaded font '../../../Engine/Content/Slate/Fonts/Roboto-Light.ttf' (167K)
[2019.09.04-02.08.02:174][  2]LogSlate: Took 0.000195 seconds to synchronously load lazily loaded font '../../../Engine/Content/Slate/Fonts/Roboto-Light.ttf' (167K)
[2019.09.04-02.08.02:329][  3]LogRHI: Error: SyncInterval 0
[2019.09.04-02.08.02:329][  3]LogRHI: Error: SwapChainDesc.BufferDesc.Width 815
[2019.09.04-02.08.02:329][  3]LogRHI: Error: SwapChainDesc.BufferDesc.Height 70
[2019.09.04-02.08.02:329][  3]LogRHI: Error: SwapChainDesc.BufferDesc.RefreshRate.Numerator 0
[2019.09.04-02.08.02:329][  3]LogRHI: Error: SwapChainDesc.BufferDesc.RefreshRate.Denominator 0
[2019.09.04-02.08.02:329][  3]LogRHI: Error: SwapChainDesc.BufferDesc.Format 24
[2019.09.04-02.08.02:329][  3]LogRHI: Error: SwapChainDesc.BufferDesc.ScanlineOrdering 0
[2019.09.04-02.08.02:329][  3]LogRHI: Error: SwapChainDesc.BufferDesc.Scaling 0
[2019.09.04-02.08.02:329][  3]LogRHI: Error: SwapChainDesc.SampleDesc.Count 1
[2019.09.04-02.08.02:329][  3]LogRHI: Error: SwapChainDesc.SampleDesc.Quality 0
[2019.09.04-02.08.02:329][  3]LogRHI: Error: SwapChainDesc.BufferUsage 48
[2019.09.04-02.08.02:329][  3]LogRHI: Error: SwapChainDesc.BufferCount 1
[2019.09.04-02.08.02:329][  3]LogRHI: Error: SwapChainDesc.OutputWindow 000000000048044A
[2019.09.04-02.08.02:329][  3]LogRHI: Error: SwapChainDesc.Windowed true
[2019.09.04-02.08.02:329][  3]LogRHI: Error: SwapChainDesc.SwapEffect 0
[2019.09.04-02.08.02:329][  3]LogRHI: Error: SwapChainDesc.Flags 2
[2019.09.04-02.08.02:366][  3]LogD3D11RHI: Error: Result failed 
 at D:\Build\++UE4\Sync\Engine\Source\Runtime\Windows\D3D11RHI\Private\D3D11Viewport.cpp:361 
 with error E_INVALIDARG
[2019.09.04-02.08.02:366][  3]LogWindows: Windows GetLastError: The operation completed successfully. (0)
[2019.09.04-02.08.10:202][  3]LogOutputDevice: Warning: 

Script Stack (0 frames):

[2019.09.04-02.08.10:202][  3]LogWindows: Windows GetLastError: The operation completed successfully. (0)
[2019.09.04-02.08.10:210][  3]LogThreadingWindows: Error: Runnable thread RenderThread 1 crashed.
[2019.09.04-02.08.10:210][  3]LogWindows: Error: === Critical error: ===
[2019.09.04-02.08.10:210][  3]LogWindows: Error: 
[2019.09.04-02.08.10:210][  3]LogWindows: Error: Fatal error: [File:D:\Build\++UE4\Sync\Engine\Source\Runtime\RenderCore\Private\RenderingThread.cpp] [Line: 819] 
[2019.09.04-02.08.10:210][  3]LogWindows: Error: Rendering thread exception:
[2019.09.04-02.08.10:210][  3]LogWindows: Error: Fatal error: [File:D:\Build\++UE4\Sync\Engine\Source\Runtime\Windows\D3D11RHI\Private\D3D11Util.cpp] [Line: 249] 
[2019.09.04-02.08.10:210][  3]LogWindows: Error: Result failed 
[2019.09.04-02.08.10:210][  3]LogWindows: Error:  at D:\Build\++UE4\Sync\Engine\Source\Runtime\Windows\D3D11RHI\Private\D3D11Viewport.cpp:361 
[2019.09.04-02.08.10:210][  3]LogWindows: Error:  with error E_INVALIDARG
[2019.09.04-02.08.10:210][  3]LogWindows: Error: 
[2019.09.04-02.08.10:210][  3]LogWindows: Error: 
[2019.09.04-02.08.10:210][  3]LogWindows: Error: [Callstack] 0x00007ffcdf5ea388 KERNELBASE.dll!UnknownFunction []
[2019.09.04-02.08.10:211][  3]LogWindows: Error: [Callstack] 0x00007ffc56291f37 UE4Editor-Core.dll!UnknownFunction []
[2019.09.04-02.08.10:211][  3]LogWindows: Error: [Callstack] 0x00007ffc562946e7 UE4Editor-Core.dll!UnknownFunction []
[2019.09.04-02.08.10:211][  3]LogWindows: Error: [Callstack] 0x00007ffc560a7d1a UE4Editor-Core.dll!UnknownFunction []
[2019.09.04-02.08.10:211][  3]LogWindows: Error: [Callstack] 0x00007ffc5602fe33 UE4Editor-Core.dll!UnknownFunction []
[2019.09.04-02.08.10:211][  3]LogWindows: Error: [Callstack] 0x00007ffc5602fd18 UE4Editor-Core.dll!UnknownFunction []
[2019.09.04-02.08.10:211][  3]LogWindows: Error: [Callstack] 0x00007ffc3ce8644a UE4Editor-D3D11RHI.dll!UnknownFunction []
[2019.09.04-02.08.10:211][  3]LogWindows: Error: [Callstack] 0x00007ffc3ce6875e UE4Editor-D3D11RHI.dll!UnknownFunction []
[2019.09.04-02.08.10:211][  3]LogWindows: Error: [Callstack] 0x00007ffc3ce7480b UE4Editor-D3D11RHI.dll!UnknownFunction []
[2019.09.04-02.08.10:211][  3]LogWindows: Error: [Callstack] 0x00007ffcb51fe8e0 UE4Editor-RHI.dll!UnknownFunction []
[2019.09.04-02.08.10:211][  3]LogWindows: Error: [Callstack] 0x00007ffcb51fe4c4 UE4Editor-RHI.dll!UnknownFunction []
[2019.09.04-02.08.10:211][  3]LogWindows: Error: [Callstack] 0x00007ffcb51ff444 UE4Editor-RHI.dll!UnknownFunction []
[2019.09.04-02.08.10:211][  3]LogWindows: Error: [Callstack] 0x00007ffcb51f6bb4 UE4Editor-RHI.dll!UnknownFunction []
[2019.09.04-02.08.10:211][  3]LogWindows: Error: [Callstack] 0x00007ffc3cc3769b UE4Editor-SlateRHIRenderer.dll!UnknownFunction []
[2019.09.04-02.08.10:211][  3]LogWindows: Error: [Callstack] 0x00007ffc3cc3e220 UE4Editor-SlateRHIRenderer.dll!UnknownFunction []
[2019.09.04-02.08.10:211][  3]LogWindows: Error: [Callstack] 0x00007ffc55eb22d8 UE4Editor-Core.dll!UnknownFunction []
[2019.09.04-02.08.10:211][  3]LogWindows: Error: [Callstack] 0x00007ffc55eb2563 UE4Editor-Core.dll!UnknownFunction []
[2019.09.04-02.08.10:211][  3]LogWindows: Error: [Callstack] 0x00007ffcbb3059f1 UE4Editor-RenderCore.dll!UnknownFunction []
[2019.09.04-02.08.10:211][  3]LogWindows: Error: [Callstack] 0x00007ffcbb30c184 UE4Editor-RenderCore.dll!UnknownFunction []
[2019.09.04-02.08.10:211][  3]LogWindows: Error: [Callstack] 0x00007ffc562a4b3f UE4Editor-Core.dll!UnknownFunction []
[2019.09.04-02.08.10:211][  3]LogWindows: Error: [Callstack] 0x00007ffc562a08a7 UE4Editor-Core.dll!UnknownFunction []
[2019.09.04-02.08.10:211][  3]LogWindows: Error: [Callstack] 0x00007ffce10a4034 KERNEL32.DLL!UnknownFunction []
[2019.09.04-02.08.10:211][  3]LogWindows: Error: [Callstack] 0x00007ffce2413691 ntdll.dll!UnknownFunction []
[2019.09.04-02.08.10:211][  3]LogWindows: Error: 
[2019.09.04-02.08.10:211][  3]LogWindows: Error: 
[2019.09.04-02.08.10:211][  3]LogWindows: Error: 
[2019.09.04-02.08.10:211][  3]LogWindows: Error: 
[2019.09.04-02.08.10:211][  3]LogWindows: Error: Crash in runnable thread RenderThread 1
[2019.09.04-02.08.10:238][  3]LogExit: Executing StaticShutdownAfterError
[2019.09.04-02.08.10:238][  3]LogWindows: Error: HandleError re-entered.
[2019.09.04-02.08.10:317][  3]LogWindows: FPlatformMisc::RequestExit(1)
[2019.09.04-02.08.10:367][  3]Log file closed, 09/03/19 19:08:10
